The system is: Linux - 5.15.59 - x86_64
Compiling the C compiler identification source file "CMakeCCompilerId.c" succeeded.
Compiler: /run/current-system/sw/bin/gcc 
Build flags: 
Id flags:  

The output was:
0


Compilation of the C compiler identification source "CMakeCCompilerId.c" produced "a.out"

The C compiler identification is GNU, found in "/home/tei/projects/imgtec/GLES_X11/CMakeFiles/3.22.3/CompilerIdC/a.out"

Compiling the CXX compiler identification source file "CMakeCXXCompilerId.cpp" succeeded.
Compiler: /run/current-system/sw/bin/gcc 
Build flags: 
Id flags:  

The output was:
0


Compilation of the CXX compiler identification source "CMakeCXXCompilerId.cpp" produced "a.out"

The CXX compiler identification is GNU, found in "/home/tei/projects/imgtec/GLES_X11/CMakeFiles/3.22.3/CompilerIdCXX/a.out"

Detecting C compiler ABI info compiled with the following output:
Change Dir: /home/tei/projects/imgtec/GLES_X11/CMakeFiles/CMakeTmp

Run Build Command(s):/run/current-system/sw/bin/make -f Makefile cmTC_80601/fast && /run/current-system/sw/bin/make  -f CMakeFiles/cmTC_80601.dir/build.make CMakeFiles/cmTC_80601.dir/build
make[1]: Entering directory '/home/tei/projects/imgtec/GLES_X11/CMakeFiles/CMakeTmp'
Building C object CMakeFiles/cmTC_80601.dir/CMakeCCompilerABI.c.o
/run/current-system/sw/bin/gcc   -v -o CMakeFiles/cmTC_80601.dir/CMakeCCompilerABI.c.o -c /nix/store/asp609pmpi09vlzdszhliffr65qppmy6-cmake-3.22.3/share/cmake-3.22/Modules/CMakeCCompilerABI.c
Using built-in specs.
COLLECT_GCC=/nix/store/as1xzrm2921pnxx4jvxj39jn4v88wdy1-gcc-11.3.0/bin/gcc
Target: x86_64-unknown-linux-gnu
Configured with: 
Thread model: posix
Supported LTO compression algorithms: zlib
gcc version 11.3.0 (GCC) 
COLLECT_GCC_OPTIONS='-v' '-o' 'CMakeFiles/cmTC_80601.dir/CMakeCCompilerABI.c.o' '-c' '-B' '/nix/store/scd5n7xsn0hh0lvhhnycr9gx0h8xfzsl-glibc-2.34-210/lib/' '-idirafter' '/nix/store/dwsi3wsqpqm0hpzdm9fsxc7q732p9xwi-glibc-2.34-210-dev/include' '-idirafter' '/nix/store/as1xzrm2921pnxx4jvxj39jn4v88wdy1-gcc-11.3.0/lib/gcc/x86_64-unknown-linux-gnu/11.3.0/include-fixed' '-B' '/nix/store/j132k1ncfn6gjfd2f5s1gz37170rch4h-gcc-11.3.0-lib/lib' '-B' '/nix/store/ag2bpk0lzjvj409znklrz5krkpc5imzs-gcc-wrapper-11.3.0/bin/' '-mtune=generic' '-march=x86-64' '-fcommon' '-dumpdir' 'CMakeFiles/cmTC_80601.dir/'
 /nix/store/as1xzrm2921pnxx4jvxj39jn4v88wdy1-gcc-11.3.0/libexec/gcc/x86_64-unknown-linux-gnu/11.3.0/cc1 -quiet -v -idirafter /nix/store/dwsi3wsqpqm0hpzdm9fsxc7q732p9xwi-glibc-2.34-210-dev/include -idirafter /nix/store/as1xzrm2921pnxx4jvxj39jn4v88wdy1-gcc-11.3.0/lib/gcc/x86_64-unknown-linux-gnu/11.3.0/include-fixed /nix/store/asp609pmpi09vlzdszhliffr65qppmy6-cmake-3.22.3/share/cmake-3.22/Modules/CMakeCCompilerABI.c -quiet -dumpdir CMakeFiles/cmTC_80601.dir/ -dumpbase CMakeCCompilerABI.c.c -dumpbase-ext .c -mtune=generic -march=x86-64 -version -fcommon -o /tmp/ccTZ2oAo.s
GNU C17 (GCC) version 11.3.0 (x86_64-unknown-linux-gnu)
	compiled by GNU C version 11.3.0, GMP version 6.2.1, MPFR version 4.1.0, MPC version 1.2.1, isl version isl-0.20-GMP

GGC heuristics: --param ggc-min-expand=100 --param ggc-min-heapsize=131072
ignoring nonexistent directory "/nix/store/as1xzrm2921pnxx4jvxj39jn4v88wdy1-gcc-11.3.0/lib/gcc/x86_64-unknown-linux-gnu/11.3.0/../../../../x86_64-unknown-linux-gnu/include"
ignoring duplicate directory "/nix/store/dwsi3wsqpqm0hpzdm9fsxc7q732p9xwi-glibc-2.34-210-dev/include"
ignoring duplicate directory "/nix/store/as1xzrm2921pnxx4jvxj39jn4v88wdy1-gcc-11.3.0/lib/gcc/x86_64-unknown-linux-gnu/11.3.0/include-fixed"
#include "..." search starts here:
#include <...> search starts here:
 /nix/store/as1xzrm2921pnxx4jvxj39jn4v88wdy1-gcc-11.3.0/lib/gcc/x86_64-unknown-linux-gnu/11.3.0/include
 /nix/store/as1xzrm2921pnxx4jvxj39jn4v88wdy1-gcc-11.3.0/include
 /nix/store/as1xzrm2921pnxx4jvxj39jn4v88wdy1-gcc-11.3.0/lib/gcc/x86_64-unknown-linux-gnu/11.3.0/include-fixed
 /nix/store/dwsi3wsqpqm0hpzdm9fsxc7q732p9xwi-glibc-2.34-210-dev/include
End of search list.
GNU C17 (GCC) version 11.3.0 (x86_64-unknown-linux-gnu)
	compiled by GNU C version 11.3.0, GMP version 6.2.1, MPFR version 4.1.0, MPC version 1.2.1, isl version isl-0.20-GMP

GGC heuristics: --param ggc-min-expand=100 --param ggc-min-heapsize=131072
Compiler executable checksum: 689cad506ae106832cf93786ee2ffe10
COLLECT_GCC_OPTIONS='-v' '-o' 'CMakeFiles/cmTC_80601.dir/CMakeCCompilerABI.c.o' '-c' '-B' '/nix/store/scd5n7xsn0hh0lvhhnycr9gx0h8xfzsl-glibc-2.34-210/lib/' '-idirafter' '/nix/store/dwsi3wsqpqm0hpzdm9fsxc7q732p9xwi-glibc-2.34-210-dev/include' '-idirafter' '/nix/store/as1xzrm2921pnxx4jvxj39jn4v88wdy1-gcc-11.3.0/lib/gcc/x86_64-unknown-linux-gnu/11.3.0/include-fixed' '-B' '/nix/store/j132k1ncfn6gjfd2f5s1gz37170rch4h-gcc-11.3.0-lib/lib' '-B' '/nix/store/ag2bpk0lzjvj409znklrz5krkpc5imzs-gcc-wrapper-11.3.0/bin/' '-mtune=generic' '-march=x86-64' '-fcommon' '-dumpdir' 'CMakeFiles/cmTC_80601.dir/'
 /nix/store/ag2bpk0lzjvj409znklrz5krkpc5imzs-gcc-wrapper-11.3.0/bin/as -v --64 -o CMakeFiles/cmTC_80601.dir/CMakeCCompilerABI.c.o /tmp/ccTZ2oAo.s
GNU assembler version 2.38 (x86_64-unknown-linux-gnu) using BFD version (GNU Binutils) 2.38
COMPILER_PATH=/nix/store/scd5n7xsn0hh0lvhhnycr9gx0h8xfzsl-glibc-2.34-210/lib/:/nix/store/j132k1ncfn6gjfd2f5s1gz37170rch4h-gcc-11.3.0-lib/lib/:/nix/store/ag2bpk0lzjvj409znklrz5krkpc5imzs-gcc-wrapper-11.3.0/bin/:/nix/store/as1xzrm2921pnxx4jvxj39jn4v88wdy1-gcc-11.3.0/libexec/gcc/x86_64-unknown-linux-gnu/11.3.0/:/nix/store/as1xzrm2921pnxx4jvxj39jn4v88wdy1-gcc-11.3.0/libexec/gcc/x86_64-unknown-linux-gnu/11.3.0/:/nix/store/as1xzrm2921pnxx4jvxj39jn4v88wdy1-gcc-11.3.0/libexec/gcc/x86_64-unknown-linux-gnu/:/nix/store/as1xzrm2921pnxx4jvxj39jn4v88wdy1-gcc-11.3.0/lib/gcc/x86_64-unknown-linux-gnu/11.3.0/:/nix/store/as1xzrm2921pnxx4jvxj39jn4v88wdy1-gcc-11.3.0/lib/gcc/x86_64-unknown-linux-gnu/
LIBRARY_PATH=/nix/store/scd5n7xsn0hh0lvhhnycr9gx0h8xfzsl-glibc-2.34-210/lib/:/nix/store/j132k1ncfn6gjfd2f5s1gz37170rch4h-gcc-11.3.0-lib/lib/:/nix/store/ag2bpk0lzjvj409znklrz5krkpc5imzs-gcc-wrapper-11.3.0/bin/:/nix/store/as1xzrm2921pnxx4jvxj39jn4v88wdy1-gcc-11.3.0/lib/gcc/x86_64-unknown-linux-gnu/11.3.0/:/nix/store/as1xzrm2921pnxx4jvxj39jn4v88wdy1-gcc-11.3.0/lib/gcc/x86_64-unknown-linux-gnu/11.3.0/../../../../lib64/:/nix/store/as1xzrm2921pnxx4jvxj39jn4v88wdy1-gcc-11.3.0/lib/gcc/x86_64-unknown-linux-gnu/11.3.0/../../../
COLLECT_GCC_OPTIONS='-v' '-o' 'CMakeFiles/cmTC_80601.dir/CMakeCCompilerABI.c.o' '-c' '-B' '/nix/store/scd5n7xsn0hh0lvhhnycr9gx0h8xfzsl-glibc-2.34-210/lib/' '-idirafter' '/nix/store/dwsi3wsqpqm0hpzdm9fsxc7q732p9xwi-glibc-2.34-210-dev/include' '-idirafter' '/nix/store/as1xzrm2921pnxx4jvxj39jn4v88wdy1-gcc-11.3.0/lib/gcc/x86_64-unknown-linux-gnu/11.3.0/include-fixed' '-B' '/nix/store/j132k1ncfn6gjfd2f5s1gz37170rch4h-gcc-11.3.0-lib/lib' '-B' '/nix/store/ag2bpk0lzjvj409znklrz5krkpc5imzs-gcc-wrapper-11.3.0/bin/' '-mtune=generic' '-march=x86-64' '-fcommon' '-dumpdir' 'CMakeFiles/cmTC_80601.dir/CMakeCCompilerABI.c.'
Linking C executable cmTC_80601
/nix/store/asp609pmpi09vlzdszhliffr65qppmy6-cmake-3.22.3/bin/cmake -E cmake_link_script CMakeFiles/cmTC_80601.dir/link.txt --verbose=1
/run/current-system/sw/bin/gcc  -v -rdynamic CMakeFiles/cmTC_80601.dir/CMakeCCompilerABI.c.o -o cmTC_80601 
Using built-in specs.
COLLECT_GCC=/nix/store/as1xzrm2921pnxx4jvxj39jn4v88wdy1-gcc-11.3.0/bin/gcc
COLLECT_LTO_WRAPPER=/nix/store/as1xzrm2921pnxx4jvxj39jn4v88wdy1-gcc-11.3.0/libexec/gcc/x86_64-unknown-linux-gnu/11.3.0/lto-wrapper
Target: x86_64-unknown-linux-gnu
Configured with: 
Thread model: posix
Supported LTO compression algorithms: zlib
gcc version 11.3.0 (GCC) 
COMPILER_PATH=/nix/store/scd5n7xsn0hh0lvhhnycr9gx0h8xfzsl-glibc-2.34-210/lib/:/nix/store/j132k1ncfn6gjfd2f5s1gz37170rch4h-gcc-11.3.0-lib/lib/:/nix/store/ag2bpk0lzjvj409znklrz5krkpc5imzs-gcc-wrapper-11.3.0/bin/:/nix/store/as1xzrm2921pnxx4jvxj39jn4v88wdy1-gcc-11.3.0/libexec/gcc/x86_64-unknown-linux-gnu/11.3.0/:/nix/store/as1xzrm2921pnxx4jvxj39jn4v88wdy1-gcc-11.3.0/libexec/gcc/x86_64-unknown-linux-gnu/11.3.0/:/nix/store/as1xzrm2921pnxx4jvxj39jn4v88wdy1-gcc-11.3.0/libexec/gcc/x86_64-unknown-linux-gnu/:/nix/store/as1xzrm2921pnxx4jvxj39jn4v88wdy1-gcc-11.3.0/lib/gcc/x86_64-unknown-linux-gnu/11.3.0/:/nix/store/as1xzrm2921pnxx4jvxj39jn4v88wdy1-gcc-11.3.0/lib/gcc/x86_64-unknown-linux-gnu/
LIBRARY_PATH=/nix/store/scd5n7xsn0hh0lvhhnycr9gx0h8xfzsl-glibc-2.34-210/lib/:/nix/store/j132k1ncfn6gjfd2f5s1gz37170rch4h-gcc-11.3.0-lib/lib/:/nix/store/ag2bpk0lzjvj409znklrz5krkpc5imzs-gcc-wrapper-11.3.0/bin/:/nix/store/as1xzrm2921pnxx4jvxj39jn4v88wdy1-gcc-11.3.0/lib/gcc/x86_64-unknown-linux-gnu/11.3.0/:/nix/store/as1xzrm2921pnxx4jvxj39jn4v88wdy1-gcc-11.3.0/lib/gcc/x86_64-unknown-linux-gnu/11.3.0/../../../../lib64/:/nix/store/as1xzrm2921pnxx4jvxj39jn4v88wdy1-gcc-11.3.0/lib/gcc/x86_64-unknown-linux-gnu/11.3.0/../../../
COLLECT_GCC_OPTIONS='-v' '-rdynamic' '-o' 'cmTC_80601' '-B' '/nix/store/scd5n7xsn0hh0lvhhnycr9gx0h8xfzsl-glibc-2.34-210/lib/' '-idirafter' '/nix/store/dwsi3wsqpqm0hpzdm9fsxc7q732p9xwi-glibc-2.34-210-dev/include' '-idirafter' '/nix/store/as1xzrm2921pnxx4jvxj39jn4v88wdy1-gcc-11.3.0/lib/gcc/x86_64-unknown-linux-gnu/11.3.0/include-fixed' '-B' '/nix/store/j132k1ncfn6gjfd2f5s1gz37170rch4h-gcc-11.3.0-lib/lib' '-B' '/nix/store/ag2bpk0lzjvj409znklrz5krkpc5imzs-gcc-wrapper-11.3.0/bin/' '-L/nix/store/scd5n7xsn0hh0lvhhnycr9gx0h8xfzsl-glibc-2.34-210/lib' '-L/nix/store/j132k1ncfn6gjfd2f5s1gz37170rch4h-gcc-11.3.0-lib/lib' '-mtune=generic' '-march=x86-64' '-fcommon' '-dumpdir' 'cmTC_80601.'
 /nix/store/as1xzrm2921pnxx4jvxj39jn4v88wdy1-gcc-11.3.0/libexec/gcc/x86_64-unknown-linux-gnu/11.3.0/collect2 -plugin /nix/store/as1xzrm2921pnxx4jvxj39jn4v88wdy1-gcc-11.3.0/libexec/gcc/x86_64-unknown-linux-gnu/11.3.0/liblto_plugin.so -plugin-opt=/nix/store/as1xzrm2921pnxx4jvxj39jn4v88wdy1-gcc-11.3.0/libexec/gcc/x86_64-unknown-linux-gnu/11.3.0/lto-wrapper -plugin-opt=-fresolution=/tmp/ccDpTjNa.res -plugin-opt=-pass-through=-lgcc -plugin-opt=-pass-through=-lgcc_s -plugin-opt=-pass-through=-lc -plugin-opt=-pass-through=-lgcc -plugin-opt=-pass-through=-lgcc_s --eh-frame-hdr -m elf_x86_64 -export-dynamic -dynamic-linker /nix/store/scd5n7xsn0hh0lvhhnycr9gx0h8xfzsl-glibc-2.34-210/lib64/ld-linux-x86-64.so.2 -o cmTC_80601 /nix/store/scd5n7xsn0hh0lvhhnycr9gx0h8xfzsl-glibc-2.34-210/lib/crt1.o /nix/store/scd5n7xsn0hh0lvhhnycr9gx0h8xfzsl-glibc-2.34-210/lib/crti.o /nix/store/as1xzrm2921pnxx4jvxj39jn4v88wdy1-gcc-11.3.0/lib/gcc/x86_64-unknown-linux-gnu/11.3.0/crtbegin.o -L/nix/store/scd5n7xsn0hh0lvhhnycr9gx0h8xfzsl-glibc-2.34-210/lib -L/nix/store/j132k1ncfn6gjfd2f5s1gz37170rch4h-gcc-11.3.0-lib/lib -L/nix/store/scd5n7xsn0hh0lvhhnycr9gx0h8xfzsl-glibc-2.34-210/lib -L/nix/store/j132k1ncfn6gjfd2f5s1gz37170rch4h-gcc-11.3.0-lib/lib -L/nix/store/ag2bpk0lzjvj409znklrz5krkpc5imzs-gcc-wrapper-11.3.0/bin -L/nix/store/as1xzrm2921pnxx4jvxj39jn4v88wdy1-gcc-11.3.0/lib/gcc/x86_64-unknown-linux-gnu/11.3.0 -L/nix/store/as1xzrm2921pnxx4jvxj39jn4v88wdy1-gcc-11.3.0/lib/gcc/x86_64-unknown-linux-gnu/11.3.0/../../../../lib64 -L/nix/store/as1xzrm2921pnxx4jvxj39jn4v88wdy1-gcc-11.3.0/lib/gcc/x86_64-unknown-linux-gnu/11.3.0/../../.. -dynamic-linker=/nix/store/scd5n7xsn0hh0lvhhnycr9gx0h8xfzsl-glibc-2.34-210/lib/ld-linux-x86-64.so.2 CMakeFiles/cmTC_80601.dir/CMakeCCompilerABI.c.o -lgcc --push-state --as-needed -lgcc_s --pop-state -lc -lgcc --push-state --as-needed -lgcc_s --pop-state /nix/store/as1xzrm2921pnxx4jvxj39jn4v88wdy1-gcc-11.3.0/lib/gcc/x86_64-unknown-linux-gnu/11.3.0/crtend.o /nix/store/scd5n7xsn0hh0lvhhnycr9gx0h8xfzsl-glibc-2.34-210/lib/crtn.o
COLLECT_GCC_OPTIONS='-v' '-rdynamic' '-o' 'cmTC_80601' '-B' '/nix/store/scd5n7xsn0hh0lvhhnycr9gx0h8xfzsl-glibc-2.34-210/lib/' '-idirafter' '/nix/store/dwsi3wsqpqm0hpzdm9fsxc7q732p9xwi-glibc-2.34-210-dev/include' '-idirafter' '/nix/store/as1xzrm2921pnxx4jvxj39jn4v88wdy1-gcc-11.3.0/lib/gcc/x86_64-unknown-linux-gnu/11.3.0/include-fixed' '-B' '/nix/store/j132k1ncfn6gjfd2f5s1gz37170rch4h-gcc-11.3.0-lib/lib' '-B' '/nix/store/ag2bpk0lzjvj409znklrz5krkpc5imzs-gcc-wrapper-11.3.0/bin/' '-L/nix/store/scd5n7xsn0hh0lvhhnycr9gx0h8xfzsl-glibc-2.34-210/lib' '-L/nix/store/j132k1ncfn6gjfd2f5s1gz37170rch4h-gcc-11.3.0-lib/lib' '-mtune=generic' '-march=x86-64' '-fcommon' '-dumpdir' 'cmTC_80601.'
make[1]: Leaving directory '/home/tei/projects/imgtec/GLES_X11/CMakeFiles/CMakeTmp'



Parsed C implicit include dir info from above output: rv=done
  found start of include info
  found start of implicit include info
    add: [/nix/store/as1xzrm2921pnxx4jvxj39jn4v88wdy1-gcc-11.3.0/lib/gcc/x86_64-unknown-linux-gnu/11.3.0/include]
    add: [/nix/store/as1xzrm2921pnxx4jvxj39jn4v88wdy1-gcc-11.3.0/include]
    add: [/nix/store/as1xzrm2921pnxx4jvxj39jn4v88wdy1-gcc-11.3.0/lib/gcc/x86_64-unknown-linux-gnu/11.3.0/include-fixed]
    add: [/nix/store/dwsi3wsqpqm0hpzdm9fsxc7q732p9xwi-glibc-2.34-210-dev/include]
  end of search list found
  collapse include dir [/nix/store/as1xzrm2921pnxx4jvxj39jn4v88wdy1-gcc-11.3.0/lib/gcc/x86_64-unknown-linux-gnu/11.3.0/include] ==> [/nix/store/as1xzrm2921pnxx4jvxj39jn4v88wdy1-gcc-11.3.0/lib/gcc/x86_64-unknown-linux-gnu/11.3.0/include]
  collapse include dir [/nix/store/as1xzrm2921pnxx4jvxj39jn4v88wdy1-gcc-11.3.0/include] ==> [/nix/store/as1xzrm2921pnxx4jvxj39jn4v88wdy1-gcc-11.3.0/include]
  collapse include dir [/nix/store/as1xzrm2921pnxx4jvxj39jn4v88wdy1-gcc-11.3.0/lib/gcc/x86_64-unknown-linux-gnu/11.3.0/include-fixed] ==> [/nix/store/as1xzrm2921pnxx4jvxj39jn4v88wdy1-gcc-11.3.0/lib/gcc/x86_64-unknown-linux-gnu/11.3.0/include-fixed]
  collapse include dir [/nix/store/dwsi3wsqpqm0hpzdm9fsxc7q732p9xwi-glibc-2.34-210-dev/include] ==> [/nix/store/dwsi3wsqpqm0hpzdm9fsxc7q732p9xwi-glibc-2.34-210-dev/include]
  implicit include dirs: [/nix/store/as1xzrm2921pnxx4jvxj39jn4v88wdy1-gcc-11.3.0/lib/gcc/x86_64-unknown-linux-gnu/11.3.0/include;/nix/store/as1xzrm2921pnxx4jvxj39jn4v88wdy1-gcc-11.3.0/include;/nix/store/as1xzrm2921pnxx4jvxj39jn4v88wdy1-gcc-11.3.0/lib/gcc/x86_64-unknown-linux-gnu/11.3.0/include-fixed;/nix/store/dwsi3wsqpqm0hpzdm9fsxc7q732p9xwi-glibc-2.34-210-dev/include]


Parsed C implicit link information from above output:
  link line regex: [^( *|.*[/\])(ld|CMAKE_LINK_STARTFILE-NOTFOUND|([^/\]+-)?ld|collect2)[^/\]*( |$)]
  ignore line: [Change Dir: /home/tei/projects/imgtec/GLES_X11/CMakeFiles/CMakeTmp]
  ignore line: []
  ignore line: [Run Build Command(s):/run/current-system/sw/bin/make -f Makefile cmTC_80601/fast && /run/current-system/sw/bin/make  -f CMakeFiles/cmTC_80601.dir/build.make CMakeFiles/cmTC_80601.dir/build]
  ignore line: [make[1]: Entering directory '/home/tei/projects/imgtec/GLES_X11/CMakeFiles/CMakeTmp']
  ignore line: [Building C object CMakeFiles/cmTC_80601.dir/CMakeCCompilerABI.c.o]
  ignore line: [/run/current-system/sw/bin/gcc   -v -o CMakeFiles/cmTC_80601.dir/CMakeCCompilerABI.c.o -c /nix/store/asp609pmpi09vlzdszhliffr65qppmy6-cmake-3.22.3/share/cmake-3.22/Modules/CMakeCCompilerABI.c]
  ignore line: [Using built-in specs.]
  ignore line: [COLLECT_GCC=/nix/store/as1xzrm2921pnxx4jvxj39jn4v88wdy1-gcc-11.3.0/bin/gcc]
  ignore line: [Target: x86_64-unknown-linux-gnu]
  ignore line: [Configured with: ]
  ignore line: [Thread model: posix]
  ignore line: [Supported LTO compression algorithms: zlib]
  ignore line: [gcc version 11.3.0 (GCC) ]
  ignore line: [COLLECT_GCC_OPTIONS='-v' '-o' 'CMakeFiles/cmTC_80601.dir/CMakeCCompilerABI.c.o' '-c' '-B' '/nix/store/scd5n7xsn0hh0lvhhnycr9gx0h8xfzsl-glibc-2.34-210/lib/' '-idirafter' '/nix/store/dwsi3wsqpqm0hpzdm9fsxc7q732p9xwi-glibc-2.34-210-dev/include' '-idirafter' '/nix/store/as1xzrm2921pnxx4jvxj39jn4v88wdy1-gcc-11.3.0/lib/gcc/x86_64-unknown-linux-gnu/11.3.0/include-fixed' '-B' '/nix/store/j132k1ncfn6gjfd2f5s1gz37170rch4h-gcc-11.3.0-lib/lib' '-B' '/nix/store/ag2bpk0lzjvj409znklrz5krkpc5imzs-gcc-wrapper-11.3.0/bin/' '-mtune=generic' '-march=x86-64' '-fcommon' '-dumpdir' 'CMakeFiles/cmTC_80601.dir/']
  ignore line: [ /nix/store/as1xzrm2921pnxx4jvxj39jn4v88wdy1-gcc-11.3.0/libexec/gcc/x86_64-unknown-linux-gnu/11.3.0/cc1 -quiet -v -idirafter /nix/store/dwsi3wsqpqm0hpzdm9fsxc7q732p9xwi-glibc-2.34-210-dev/include -idirafter /nix/store/as1xzrm2921pnxx4jvxj39jn4v88wdy1-gcc-11.3.0/lib/gcc/x86_64-unknown-linux-gnu/11.3.0/include-fixed /nix/store/asp609pmpi09vlzdszhliffr65qppmy6-cmake-3.22.3/share/cmake-3.22/Modules/CMakeCCompilerABI.c -quiet -dumpdir CMakeFiles/cmTC_80601.dir/ -dumpbase CMakeCCompilerABI.c.c -dumpbase-ext .c -mtune=generic -march=x86-64 -version -fcommon -o /tmp/ccTZ2oAo.s]
  ignore line: [GNU C17 (GCC) version 11.3.0 (x86_64-unknown-linux-gnu)]
  ignore line: [	compiled by GNU C version 11.3.0  GMP version 6.2.1  MPFR version 4.1.0  MPC version 1.2.1  isl version isl-0.20-GMP]
  ignore line: []
  ignore line: [GGC heuristics: --param ggc-min-expand=100 --param ggc-min-heapsize=131072]
  ignore line: [ignoring nonexistent directory "/nix/store/as1xzrm2921pnxx4jvxj39jn4v88wdy1-gcc-11.3.0/lib/gcc/x86_64-unknown-linux-gnu/11.3.0/../../../../x86_64-unknown-linux-gnu/include"]
  ignore line: [ignoring duplicate directory "/nix/store/dwsi3wsqpqm0hpzdm9fsxc7q732p9xwi-glibc-2.34-210-dev/include"]
  ignore line: [ignoring duplicate directory "/nix/store/as1xzrm2921pnxx4jvxj39jn4v88wdy1-gcc-11.3.0/lib/gcc/x86_64-unknown-linux-gnu/11.3.0/include-fixed"]
  ignore line: [#include "..." search starts here:]
  ignore line: [#include <...> search starts here:]
  ignore line: [ /nix/store/as1xzrm2921pnxx4jvxj39jn4v88wdy1-gcc-11.3.0/lib/gcc/x86_64-unknown-linux-gnu/11.3.0/include]
  ignore line: [ /nix/store/as1xzrm2921pnxx4jvxj39jn4v88wdy1-gcc-11.3.0/include]
  ignore line: [ /nix/store/as1xzrm2921pnxx4jvxj39jn4v88wdy1-gcc-11.3.0/lib/gcc/x86_64-unknown-linux-gnu/11.3.0/include-fixed]
  ignore line: [ /nix/store/dwsi3wsqpqm0hpzdm9fsxc7q732p9xwi-glibc-2.34-210-dev/include]
  ignore line: [End of search list.]
  ignore line: [GNU C17 (GCC) version 11.3.0 (x86_64-unknown-linux-gnu)]
  ignore line: [	compiled by GNU C version 11.3.0  GMP version 6.2.1  MPFR version 4.1.0  MPC version 1.2.1  isl version isl-0.20-GMP]
  ignore line: []
  ignore line: [GGC heuristics: --param ggc-min-expand=100 --param ggc-min-heapsize=131072]
  ignore line: [Compiler executable checksum: 689cad506ae106832cf93786ee2ffe10]
  ignore line: [COLLECT_GCC_OPTIONS='-v' '-o' 'CMakeFiles/cmTC_80601.dir/CMakeCCompilerABI.c.o' '-c' '-B' '/nix/store/scd5n7xsn0hh0lvhhnycr9gx0h8xfzsl-glibc-2.34-210/lib/' '-idirafter' '/nix/store/dwsi3wsqpqm0hpzdm9fsxc7q732p9xwi-glibc-2.34-210-dev/include' '-idirafter' '/nix/store/as1xzrm2921pnxx4jvxj39jn4v88wdy1-gcc-11.3.0/lib/gcc/x86_64-unknown-linux-gnu/11.3.0/include-fixed' '-B' '/nix/store/j132k1ncfn6gjfd2f5s1gz37170rch4h-gcc-11.3.0-lib/lib' '-B' '/nix/store/ag2bpk0lzjvj409znklrz5krkpc5imzs-gcc-wrapper-11.3.0/bin/' '-mtune=generic' '-march=x86-64' '-fcommon' '-dumpdir' 'CMakeFiles/cmTC_80601.dir/']
  ignore line: [ /nix/store/ag2bpk0lzjvj409znklrz5krkpc5imzs-gcc-wrapper-11.3.0/bin/as -v --64 -o CMakeFiles/cmTC_80601.dir/CMakeCCompilerABI.c.o /tmp/ccTZ2oAo.s]
  ignore line: [GNU assembler version 2.38 (x86_64-unknown-linux-gnu) using BFD version (GNU Binutils) 2.38]
  ignore line: [COMPILER_PATH=/nix/store/scd5n7xsn0hh0lvhhnycr9gx0h8xfzsl-glibc-2.34-210/lib/:/nix/store/j132k1ncfn6gjfd2f5s1gz37170rch4h-gcc-11.3.0-lib/lib/:/nix/store/ag2bpk0lzjvj409znklrz5krkpc5imzs-gcc-wrapper-11.3.0/bin/:/nix/store/as1xzrm2921pnxx4jvxj39jn4v88wdy1-gcc-11.3.0/libexec/gcc/x86_64-unknown-linux-gnu/11.3.0/:/nix/store/as1xzrm2921pnxx4jvxj39jn4v88wdy1-gcc-11.3.0/libexec/gcc/x86_64-unknown-linux-gnu/11.3.0/:/nix/store/as1xzrm2921pnxx4jvxj39jn4v88wdy1-gcc-11.3.0/libexec/gcc/x86_64-unknown-linux-gnu/:/nix/store/as1xzrm2921pnxx4jvxj39jn4v88wdy1-gcc-11.3.0/lib/gcc/x86_64-unknown-linux-gnu/11.3.0/:/nix/store/as1xzrm2921pnxx4jvxj39jn4v88wdy1-gcc-11.3.0/lib/gcc/x86_64-unknown-linux-gnu/]
  ignore line: [LIBRARY_PATH=/nix/store/scd5n7xsn0hh0lvhhnycr9gx0h8xfzsl-glibc-2.34-210/lib/:/nix/store/j132k1ncfn6gjfd2f5s1gz37170rch4h-gcc-11.3.0-lib/lib/:/nix/store/ag2bpk0lzjvj409znklrz5krkpc5imzs-gcc-wrapper-11.3.0/bin/:/nix/store/as1xzrm2921pnxx4jvxj39jn4v88wdy1-gcc-11.3.0/lib/gcc/x86_64-unknown-linux-gnu/11.3.0/:/nix/store/as1xzrm2921pnxx4jvxj39jn4v88wdy1-gcc-11.3.0/lib/gcc/x86_64-unknown-linux-gnu/11.3.0/../../../../lib64/:/nix/store/as1xzrm2921pnxx4jvxj39jn4v88wdy1-gcc-11.3.0/lib/gcc/x86_64-unknown-linux-gnu/11.3.0/../../../]
  ignore line: [COLLECT_GCC_OPTIONS='-v' '-o' 'CMakeFiles/cmTC_80601.dir/CMakeCCompilerABI.c.o' '-c' '-B' '/nix/store/scd5n7xsn0hh0lvhhnycr9gx0h8xfzsl-glibc-2.34-210/lib/' '-idirafter' '/nix/store/dwsi3wsqpqm0hpzdm9fsxc7q732p9xwi-glibc-2.34-210-dev/include' '-idirafter' '/nix/store/as1xzrm2921pnxx4jvxj39jn4v88wdy1-gcc-11.3.0/lib/gcc/x86_64-unknown-linux-gnu/11.3.0/include-fixed' '-B' '/nix/store/j132k1ncfn6gjfd2f5s1gz37170rch4h-gcc-11.3.0-lib/lib' '-B' '/nix/store/ag2bpk0lzjvj409znklrz5krkpc5imzs-gcc-wrapper-11.3.0/bin/' '-mtune=generic' '-march=x86-64' '-fcommon' '-dumpdir' 'CMakeFiles/cmTC_80601.dir/CMakeCCompilerABI.c.']
  ignore line: [Linking C executable cmTC_80601]
  ignore line: [/nix/store/asp609pmpi09vlzdszhliffr65qppmy6-cmake-3.22.3/bin/cmake -E cmake_link_script CMakeFiles/cmTC_80601.dir/link.txt --verbose=1]
  ignore line: [/run/current-system/sw/bin/gcc  -v -rdynamic CMakeFiles/cmTC_80601.dir/CMakeCCompilerABI.c.o -o cmTC_80601 ]
  ignore line: [Using built-in specs.]
  ignore line: [COLLECT_GCC=/nix/store/as1xzrm2921pnxx4jvxj39jn4v88wdy1-gcc-11.3.0/bin/gcc]
  ignore line: [COLLECT_LTO_WRAPPER=/nix/store/as1xzrm2921pnxx4jvxj39jn4v88wdy1-gcc-11.3.0/libexec/gcc/x86_64-unknown-linux-gnu/11.3.0/lto-wrapper]
  ignore line: [Target: x86_64-unknown-linux-gnu]
  ignore line: [Configured with: ]
  ignore line: [Thread model: posix]
  ignore line: [Supported LTO compression algorithms: zlib]
  ignore line: [gcc version 11.3.0 (GCC) ]
  ignore line: [COMPILER_PATH=/nix/store/scd5n7xsn0hh0lvhhnycr9gx0h8xfzsl-glibc-2.34-210/lib/:/nix/store/j132k1ncfn6gjfd2f5s1gz37170rch4h-gcc-11.3.0-lib/lib/:/nix/store/ag2bpk0lzjvj409znklrz5krkpc5imzs-gcc-wrapper-11.3.0/bin/:/nix/store/as1xzrm2921pnxx4jvxj39jn4v88wdy1-gcc-11.3.0/libexec/gcc/x86_64-unknown-linux-gnu/11.3.0/:/nix/store/as1xzrm2921pnxx4jvxj39jn4v88wdy1-gcc-11.3.0/libexec/gcc/x86_64-unknown-linux-gnu/11.3.0/:/nix/store/as1xzrm2921pnxx4jvxj39jn4v88wdy1-gcc-11.3.0/libexec/gcc/x86_64-unknown-linux-gnu/:/nix/store/as1xzrm2921pnxx4jvxj39jn4v88wdy1-gcc-11.3.0/lib/gcc/x86_64-unknown-linux-gnu/11.3.0/:/nix/store/as1xzrm2921pnxx4jvxj39jn4v88wdy1-gcc-11.3.0/lib/gcc/x86_64-unknown-linux-gnu/]
  ignore line: [LIBRARY_PATH=/nix/store/scd5n7xsn0hh0lvhhnycr9gx0h8xfzsl-glibc-2.34-210/lib/:/nix/store/j132k1ncfn6gjfd2f5s1gz37170rch4h-gcc-11.3.0-lib/lib/:/nix/store/ag2bpk0lzjvj409znklrz5krkpc5imzs-gcc-wrapper-11.3.0/bin/:/nix/store/as1xzrm2921pnxx4jvxj39jn4v88wdy1-gcc-11.3.0/lib/gcc/x86_64-unknown-linux-gnu/11.3.0/:/nix/store/as1xzrm2921pnxx4jvxj39jn4v88wdy1-gcc-11.3.0/lib/gcc/x86_64-unknown-linux-gnu/11.3.0/../../../../lib64/:/nix/store/as1xzrm2921pnxx4jvxj39jn4v88wdy1-gcc-11.3.0/lib/gcc/x86_64-unknown-linux-gnu/11.3.0/../../../]
  ignore line: [COLLECT_GCC_OPTIONS='-v' '-rdynamic' '-o' 'cmTC_80601' '-B' '/nix/store/scd5n7xsn0hh0lvhhnycr9gx0h8xfzsl-glibc-2.34-210/lib/' '-idirafter' '/nix/store/dwsi3wsqpqm0hpzdm9fsxc7q732p9xwi-glibc-2.34-210-dev/include' '-idirafter' '/nix/store/as1xzrm2921pnxx4jvxj39jn4v88wdy1-gcc-11.3.0/lib/gcc/x86_64-unknown-linux-gnu/11.3.0/include-fixed' '-B' '/nix/store/j132k1ncfn6gjfd2f5s1gz37170rch4h-gcc-11.3.0-lib/lib' '-B' '/nix/store/ag2bpk0lzjvj409znklrz5krkpc5imzs-gcc-wrapper-11.3.0/bin/' '-L/nix/store/scd5n7xsn0hh0lvhhnycr9gx0h8xfzsl-glibc-2.34-210/lib' '-L/nix/store/j132k1ncfn6gjfd2f5s1gz37170rch4h-gcc-11.3.0-lib/lib' '-mtune=generic' '-march=x86-64' '-fcommon' '-dumpdir' 'cmTC_80601.']
  link line: [ /nix/store/as1xzrm2921pnxx4jvxj39jn4v88wdy1-gcc-11.3.0/libexec/gcc/x86_64-unknown-linux-gnu/11.3.0/collect2 -plugin /nix/store/as1xzrm2921pnxx4jvxj39jn4v88wdy1-gcc-11.3.0/libexec/gcc/x86_64-unknown-linux-gnu/11.3.0/liblto_plugin.so -plugin-opt=/nix/store/as1xzrm2921pnxx4jvxj39jn4v88wdy1-gcc-11.3.0/libexec/gcc/x86_64-unknown-linux-gnu/11.3.0/lto-wrapper -plugin-opt=-fresolution=/tmp/ccDpTjNa.res -plugin-opt=-pass-through=-lgcc -plugin-opt=-pass-through=-lgcc_s -plugin-opt=-pass-through=-lc -plugin-opt=-pass-through=-lgcc -plugin-opt=-pass-through=-lgcc_s --eh-frame-hdr -m elf_x86_64 -export-dynamic -dynamic-linker /nix/store/scd5n7xsn0hh0lvhhnycr9gx0h8xfzsl-glibc-2.34-210/lib64/ld-linux-x86-64.so.2 -o cmTC_80601 /nix/store/scd5n7xsn0hh0lvhhnycr9gx0h8xfzsl-glibc-2.34-210/lib/crt1.o /nix/store/scd5n7xsn0hh0lvhhnycr9gx0h8xfzsl-glibc-2.34-210/lib/crti.o /nix/store/as1xzrm2921pnxx4jvxj39jn4v88wdy1-gcc-11.3.0/lib/gcc/x86_64-unknown-linux-gnu/11.3.0/crtbegin.o -L/nix/store/scd5n7xsn0hh0lvhhnycr9gx0h8xfzsl-glibc-2.34-210/lib -L/nix/store/j132k1ncfn6gjfd2f5s1gz37170rch4h-gcc-11.3.0-lib/lib -L/nix/store/scd5n7xsn0hh0lvhhnycr9gx0h8xfzsl-glibc-2.34-210/lib -L/nix/store/j132k1ncfn6gjfd2f5s1gz37170rch4h-gcc-11.3.0-lib/lib -L/nix/store/ag2bpk0lzjvj409znklrz5krkpc5imzs-gcc-wrapper-11.3.0/bin -L/nix/store/as1xzrm2921pnxx4jvxj39jn4v88wdy1-gcc-11.3.0/lib/gcc/x86_64-unknown-linux-gnu/11.3.0 -L/nix/store/as1xzrm2921pnxx4jvxj39jn4v88wdy1-gcc-11.3.0/lib/gcc/x86_64-unknown-linux-gnu/11.3.0/../../../../lib64 -L/nix/store/as1xzrm2921pnxx4jvxj39jn4v88wdy1-gcc-11.3.0/lib/gcc/x86_64-unknown-linux-gnu/11.3.0/../../.. -dynamic-linker=/nix/store/scd5n7xsn0hh0lvhhnycr9gx0h8xfzsl-glibc-2.34-210/lib/ld-linux-x86-64.so.2 CMakeFiles/cmTC_80601.dir/CMakeCCompilerABI.c.o -lgcc --push-state --as-needed -lgcc_s --pop-state -lc -lgcc --push-state --as-needed -lgcc_s --pop-state /nix/store/as1xzrm2921pnxx4jvxj39jn4v88wdy1-gcc-11.3.0/lib/gcc/x86_64-unknown-linux-gnu/11.3.0/crtend.o /nix/store/scd5n7xsn0hh0lvhhnycr9gx0h8xfzsl-glibc-2.34-210/lib/crtn.o]
    arg [/nix/store/as1xzrm2921pnxx4jvxj39jn4v88wdy1-gcc-11.3.0/libexec/gcc/x86_64-unknown-linux-gnu/11.3.0/collect2] ==> ignore
    arg [-plugin] ==> ignore
    arg [/nix/store/as1xzrm2921pnxx4jvxj39jn4v88wdy1-gcc-11.3.0/libexec/gcc/x86_64-unknown-linux-gnu/11.3.0/liblto_plugin.so] ==> ignore
    arg [-plugin-opt=/nix/store/as1xzrm2921pnxx4jvxj39jn4v88wdy1-gcc-11.3.0/libexec/gcc/x86_64-unknown-linux-gnu/11.3.0/lto-wrapper] ==> ignore
    arg [-plugin-opt=-fresolution=/tmp/ccDpTjNa.res] ==> ignore
    arg [-plugin-opt=-pass-through=-lgcc] ==> ignore
    arg [-plugin-opt=-pass-through=-lgcc_s] ==> ignore
    arg [-plugin-opt=-pass-through=-lc] ==> ignore
    arg [-plugin-opt=-pass-through=-lgcc] ==> ignore
    arg [-plugin-opt=-pass-through=-lgcc_s] ==> ignore
    arg [--eh-frame-hdr] ==> ignore
    arg [-m] ==> ignore
    arg [elf_x86_64] ==> ignore
    arg [-export-dynamic] ==> ignore
    arg [-dynamic-linker] ==> ignore
    arg [/nix/store/scd5n7xsn0hh0lvhhnycr9gx0h8xfzsl-glibc-2.34-210/lib64/ld-linux-x86-64.so.2] ==> ignore
    arg [-o] ==> ignore
    arg [cmTC_80601] ==> ignore
    arg [/nix/store/scd5n7xsn0hh0lvhhnycr9gx0h8xfzsl-glibc-2.34-210/lib/crt1.o] ==> obj [/nix/store/scd5n7xsn0hh0lvhhnycr9gx0h8xfzsl-glibc-2.34-210/lib/crt1.o]
    arg [/nix/store/scd5n7xsn0hh0lvhhnycr9gx0h8xfzsl-glibc-2.34-210/lib/crti.o] ==> obj [/nix/store/scd5n7xsn0hh0lvhhnycr9gx0h8xfzsl-glibc-2.34-210/lib/crti.o]
    arg [/nix/store/as1xzrm2921pnxx4jvxj39jn4v88wdy1-gcc-11.3.0/lib/gcc/x86_64-unknown-linux-gnu/11.3.0/crtbegin.o] ==> obj [/nix/store/as1xzrm2921pnxx4jvxj39jn4v88wdy1-gcc-11.3.0/lib/gcc/x86_64-unknown-linux-gnu/11.3.0/crtbegin.o]
    arg [-L/nix/store/scd5n7xsn0hh0lvhhnycr9gx0h8xfzsl-glibc-2.34-210/lib] ==> dir [/nix/store/scd5n7xsn0hh0lvhhnycr9gx0h8xfzsl-glibc-2.34-210/lib]
    arg [-L/nix/store/j132k1ncfn6gjfd2f5s1gz37170rch4h-gcc-11.3.0-lib/lib] ==> dir [/nix/store/j132k1ncfn6gjfd2f5s1gz37170rch4h-gcc-11.3.0-lib/lib]
    arg [-L/nix/store/scd5n7xsn0hh0lvhhnycr9gx0h8xfzsl-glibc-2.34-210/lib] ==> dir [/nix/store/scd5n7xsn0hh0lvhhnycr9gx0h8xfzsl-glibc-2.34-210/lib]
    arg [-L/nix/store/j132k1ncfn6gjfd2f5s1gz37170rch4h-gcc-11.3.0-lib/lib] ==> dir [/nix/store/j132k1ncfn6gjfd2f5s1gz37170rch4h-gcc-11.3.0-lib/lib]
    arg [-L/nix/store/ag2bpk0lzjvj409znklrz5krkpc5imzs-gcc-wrapper-11.3.0/bin] ==> dir [/nix/store/ag2bpk0lzjvj409znklrz5krkpc5imzs-gcc-wrapper-11.3.0/bin]
    arg [-L/nix/store/as1xzrm2921pnxx4jvxj39jn4v88wdy1-gcc-11.3.0/lib/gcc/x86_64-unknown-linux-gnu/11.3.0] ==> dir [/nix/store/as1xzrm2921pnxx4jvxj39jn4v88wdy1-gcc-11.3.0/lib/gcc/x86_64-unknown-linux-gnu/11.3.0]
    arg [-L/nix/store/as1xzrm2921pnxx4jvxj39jn4v88wdy1-gcc-11.3.0/lib/gcc/x86_64-unknown-linux-gnu/11.3.0/../../../../lib64] ==> dir [/nix/store/as1xzrm2921pnxx4jvxj39jn4v88wdy1-gcc-11.3.0/lib/gcc/x86_64-unknown-linux-gnu/11.3.0/../../../../lib64]
    arg [-L/nix/store/as1xzrm2921pnxx4jvxj39jn4v88wdy1-gcc-11.3.0/lib/gcc/x86_64-unknown-linux-gnu/11.3.0/../../..] ==> dir [/nix/store/as1xzrm2921pnxx4jvxj39jn4v88wdy1-gcc-11.3.0/lib/gcc/x86_64-unknown-linux-gnu/11.3.0/../../..]
    arg [-dynamic-linker=/nix/store/scd5n7xsn0hh0lvhhnycr9gx0h8xfzsl-glibc-2.34-210/lib/ld-linux-x86-64.so.2] ==> ignore
    arg [CMakeFiles/cmTC_80601.dir/CMakeCCompilerABI.c.o] ==> ignore
    arg [-lgcc] ==> lib [gcc]
    arg [--push-state] ==> ignore
    arg [--as-needed] ==> ignore
    arg [-lgcc_s] ==> lib [gcc_s]
    arg [--pop-state] ==> ignore
    arg [-lc] ==> lib [c]
    arg [-lgcc] ==> lib [gcc]
    arg [--push-state] ==> ignore
    arg [--as-needed] ==> ignore
    arg [-lgcc_s] ==> lib [gcc_s]
    arg [--pop-state] ==> ignore
    arg [/nix/store/as1xzrm2921pnxx4jvxj39jn4v88wdy1-gcc-11.3.0/lib/gcc/x86_64-unknown-linux-gnu/11.3.0/crtend.o] ==> obj [/nix/store/as1xzrm2921pnxx4jvxj39jn4v88wdy1-gcc-11.3.0/lib/gcc/x86_64-unknown-linux-gnu/11.3.0/crtend.o]
    arg [/nix/store/scd5n7xsn0hh0lvhhnycr9gx0h8xfzsl-glibc-2.34-210/lib/crtn.o] ==> obj [/nix/store/scd5n7xsn0hh0lvhhnycr9gx0h8xfzsl-glibc-2.34-210/lib/crtn.o]
  collapse library dir [/nix/store/scd5n7xsn0hh0lvhhnycr9gx0h8xfzsl-glibc-2.34-210/lib] ==> [/nix/store/scd5n7xsn0hh0lvhhnycr9gx0h8xfzsl-glibc-2.34-210/lib]
  collapse library dir [/nix/store/j132k1ncfn6gjfd2f5s1gz37170rch4h-gcc-11.3.0-lib/lib] ==> [/nix/store/j132k1ncfn6gjfd2f5s1gz37170rch4h-gcc-11.3.0-lib/lib]
  collapse library dir [/nix/store/scd5n7xsn0hh0lvhhnycr9gx0h8xfzsl-glibc-2.34-210/lib] ==> [/nix/store/scd5n7xsn0hh0lvhhnycr9gx0h8xfzsl-glibc-2.34-210/lib]
  collapse library dir [/nix/store/j132k1ncfn6gjfd2f5s1gz37170rch4h-gcc-11.3.0-lib/lib] ==> [/nix/store/j132k1ncfn6gjfd2f5s1gz37170rch4h-gcc-11.3.0-lib/lib]
  collapse library dir [/nix/store/ag2bpk0lzjvj409znklrz5krkpc5imzs-gcc-wrapper-11.3.0/bin] ==> [/nix/store/ag2bpk0lzjvj409znklrz5krkpc5imzs-gcc-wrapper-11.3.0/bin]
  collapse library dir [/nix/store/as1xzrm2921pnxx4jvxj39jn4v88wdy1-gcc-11.3.0/lib/gcc/x86_64-unknown-linux-gnu/11.3.0] ==> [/nix/store/as1xzrm2921pnxx4jvxj39jn4v88wdy1-gcc-11.3.0/lib/gcc/x86_64-unknown-linux-gnu/11.3.0]
  collapse library dir [/nix/store/as1xzrm2921pnxx4jvxj39jn4v88wdy1-gcc-11.3.0/lib/gcc/x86_64-unknown-linux-gnu/11.3.0/../../../../lib64] ==> [/nix/store/as1xzrm2921pnxx4jvxj39jn4v88wdy1-gcc-11.3.0/lib64]
  collapse library dir [/nix/store/as1xzrm2921pnxx4jvxj39jn4v88wdy1-gcc-11.3.0/lib/gcc/x86_64-unknown-linux-gnu/11.3.0/../../..] ==> [/nix/store/as1xzrm2921pnxx4jvxj39jn4v88wdy1-gcc-11.3.0/lib]
  implicit libs: [gcc;gcc_s;c;gcc;gcc_s]
  implicit objs: [/nix/store/scd5n7xsn0hh0lvhhnycr9gx0h8xfzsl-glibc-2.34-210/lib/crt1.o;/nix/store/scd5n7xsn0hh0lvhhnycr9gx0h8xfzsl-glibc-2.34-210/lib/crti.o;/nix/store/as1xzrm2921pnxx4jvxj39jn4v88wdy1-gcc-11.3.0/lib/gcc/x86_64-unknown-linux-gnu/11.3.0/crtbegin.o;/nix/store/as1xzrm2921pnxx4jvxj39jn4v88wdy1-gcc-11.3.0/lib/gcc/x86_64-unknown-linux-gnu/11.3.0/crtend.o;/nix/store/scd5n7xsn0hh0lvhhnycr9gx0h8xfzsl-glibc-2.34-210/lib/crtn.o]
  implicit dirs: [/nix/store/scd5n7xsn0hh0lvhhnycr9gx0h8xfzsl-glibc-2.34-210/lib;/nix/store/j132k1ncfn6gjfd2f5s1gz37170rch4h-gcc-11.3.0-lib/lib;/nix/store/ag2bpk0lzjvj409znklrz5krkpc5imzs-gcc-wrapper-11.3.0/bin;/nix/store/as1xzrm2921pnxx4jvxj39jn4v88wdy1-gcc-11.3.0/lib/gcc/x86_64-unknown-linux-gnu/11.3.0;/nix/store/as1xzrm2921pnxx4jvxj39jn4v88wdy1-gcc-11.3.0/lib64;/nix/store/as1xzrm2921pnxx4jvxj39jn4v88wdy1-gcc-11.3.0/lib]
  implicit fwks: []


Detecting CXX compiler ABI info compiled with the following output:
Change Dir: /home/tei/projects/imgtec/GLES_X11/CMakeFiles/CMakeTmp

Run Build Command(s):/run/current-system/sw/bin/make -f Makefile cmTC_a7bfa/fast && /run/current-system/sw/bin/make  -f CMakeFiles/cmTC_a7bfa.dir/build.make CMakeFiles/cmTC_a7bfa.dir/build
make[1]: Entering directory '/home/tei/projects/imgtec/GLES_X11/CMakeFiles/CMakeTmp'
Building CXX object CMakeFiles/cmTC_a7bfa.dir/CMakeCXXCompilerABI.cpp.o
/run/current-system/sw/bin/gcc   -v -o CMakeFiles/cmTC_a7bfa.dir/CMakeCXXCompilerABI.cpp.o -c /nix/store/asp609pmpi09vlzdszhliffr65qppmy6-cmake-3.22.3/share/cmake-3.22/Modules/CMakeCXXCompilerABI.cpp
Using built-in specs.
COLLECT_GCC=/nix/store/as1xzrm2921pnxx4jvxj39jn4v88wdy1-gcc-11.3.0/bin/gcc
Target: x86_64-unknown-linux-gnu
Configured with: 
Thread model: posix
Supported LTO compression algorithms: zlib
gcc version 11.3.0 (GCC) 
COLLECT_GCC_OPTIONS='-v' '-o' 'CMakeFiles/cmTC_a7bfa.dir/CMakeCXXCompilerABI.cpp.o' '-c' '-B' '/nix/store/scd5n7xsn0hh0lvhhnycr9gx0h8xfzsl-glibc-2.34-210/lib/' '-idirafter' '/nix/store/dwsi3wsqpqm0hpzdm9fsxc7q732p9xwi-glibc-2.34-210-dev/include' '-idirafter' '/nix/store/as1xzrm2921pnxx4jvxj39jn4v88wdy1-gcc-11.3.0/lib/gcc/x86_64-unknown-linux-gnu/11.3.0/include-fixed' '-B' '/nix/store/j132k1ncfn6gjfd2f5s1gz37170rch4h-gcc-11.3.0-lib/lib' '-B' '/nix/store/ag2bpk0lzjvj409znklrz5krkpc5imzs-gcc-wrapper-11.3.0/bin/' '-mtune=generic' '-march=x86-64' '-fcommon' '-dumpdir' 'CMakeFiles/cmTC_a7bfa.dir/'
 /nix/store/as1xzrm2921pnxx4jvxj39jn4v88wdy1-gcc-11.3.0/libexec/gcc/x86_64-unknown-linux-gnu/11.3.0/cc1plus -quiet -v -D_GNU_SOURCE -idirafter /nix/store/dwsi3wsqpqm0hpzdm9fsxc7q732p9xwi-glibc-2.34-210-dev/include -idirafter /nix/store/as1xzrm2921pnxx4jvxj39jn4v88wdy1-gcc-11.3.0/lib/gcc/x86_64-unknown-linux-gnu/11.3.0/include-fixed /nix/store/asp609pmpi09vlzdszhliffr65qppmy6-cmake-3.22.3/share/cmake-3.22/Modules/CMakeCXXCompilerABI.cpp -quiet -dumpdir CMakeFiles/cmTC_a7bfa.dir/ -dumpbase CMakeCXXCompilerABI.cpp.cpp -dumpbase-ext .cpp -mtune=generic -march=x86-64 -version -fcommon -o /tmp/ccY4ajCz.s
GNU C++17 (GCC) version 11.3.0 (x86_64-unknown-linux-gnu)
	compiled by GNU C version 11.3.0, GMP version 6.2.1, MPFR version 4.1.0, MPC version 1.2.1, isl version isl-0.20-GMP

GGC heuristics: --param ggc-min-expand=100 --param ggc-min-heapsize=131072
ignoring nonexistent directory "/nix/store/as1xzrm2921pnxx4jvxj39jn4v88wdy1-gcc-11.3.0/lib/gcc/x86_64-unknown-linux-gnu/11.3.0/../../../../x86_64-unknown-linux-gnu/include"
ignoring duplicate directory "/nix/store/dwsi3wsqpqm0hpzdm9fsxc7q732p9xwi-glibc-2.34-210-dev/include"
ignoring duplicate directory "/nix/store/as1xzrm2921pnxx4jvxj39jn4v88wdy1-gcc-11.3.0/lib/gcc/x86_64-unknown-linux-gnu/11.3.0/include-fixed"
#include "..." search starts here:
#include <...> search starts here:
 /nix/store/as1xzrm2921pnxx4jvxj39jn4v88wdy1-gcc-11.3.0/lib/gcc/x86_64-unknown-linux-gnu/11.3.0/../../../../include/c++/11.3.0
 /nix/store/as1xzrm2921pnxx4jvxj39jn4v88wdy1-gcc-11.3.0/lib/gcc/x86_64-unknown-linux-gnu/11.3.0/../../../../include/c++/11.3.0/x86_64-unknown-linux-gnu
 /nix/store/as1xzrm2921pnxx4jvxj39jn4v88wdy1-gcc-11.3.0/lib/gcc/x86_64-unknown-linux-gnu/11.3.0/../../../../include/c++/11.3.0/backward
 /nix/store/as1xzrm2921pnxx4jvxj39jn4v88wdy1-gcc-11.3.0/lib/gcc/x86_64-unknown-linux-gnu/11.3.0/include
 /nix/store/as1xzrm2921pnxx4jvxj39jn4v88wdy1-gcc-11.3.0/include
 /nix/store/as1xzrm2921pnxx4jvxj39jn4v88wdy1-gcc-11.3.0/lib/gcc/x86_64-unknown-linux-gnu/11.3.0/include-fixed
 /nix/store/dwsi3wsqpqm0hpzdm9fsxc7q732p9xwi-glibc-2.34-210-dev/include
End of search list.
GNU C++17 (GCC) version 11.3.0 (x86_64-unknown-linux-gnu)
	compiled by GNU C version 11.3.0, GMP version 6.2.1, MPFR version 4.1.0, MPC version 1.2.1, isl version isl-0.20-GMP

GGC heuristics: --param ggc-min-expand=100 --param ggc-min-heapsize=131072
Compiler executable checksum: de939eaf1aa2e6226bf399186e53a591
COLLECT_GCC_OPTIONS='-v' '-o' 'CMakeFiles/cmTC_a7bfa.dir/CMakeCXXCompilerABI.cpp.o' '-c' '-B' '/nix/store/scd5n7xsn0hh0lvhhnycr9gx0h8xfzsl-glibc-2.34-210/lib/' '-idirafter' '/nix/store/dwsi3wsqpqm0hpzdm9fsxc7q732p9xwi-glibc-2.34-210-dev/include' '-idirafter' '/nix/store/as1xzrm2921pnxx4jvxj39jn4v88wdy1-gcc-11.3.0/lib/gcc/x86_64-unknown-linux-gnu/11.3.0/include-fixed' '-B' '/nix/store/j132k1ncfn6gjfd2f5s1gz37170rch4h-gcc-11.3.0-lib/lib' '-B' '/nix/store/ag2bpk0lzjvj409znklrz5krkpc5imzs-gcc-wrapper-11.3.0/bin/' '-mtune=generic' '-march=x86-64' '-fcommon' '-dumpdir' 'CMakeFiles/cmTC_a7bfa.dir/'
 /nix/store/ag2bpk0lzjvj409znklrz5krkpc5imzs-gcc-wrapper-11.3.0/bin/as -v --64 -o CMakeFiles/cmTC_a7bfa.dir/CMakeCXXCompilerABI.cpp.o /tmp/ccY4ajCz.s
GNU assembler version 2.38 (x86_64-unknown-linux-gnu) using BFD version (GNU Binutils) 2.38
COMPILER_PATH=/nix/store/scd5n7xsn0hh0lvhhnycr9gx0h8xfzsl-glibc-2.34-210/lib/:/nix/store/j132k1ncfn6gjfd2f5s1gz37170rch4h-gcc-11.3.0-lib/lib/:/nix/store/ag2bpk0lzjvj409znklrz5krkpc5imzs-gcc-wrapper-11.3.0/bin/:/nix/store/as1xzrm2921pnxx4jvxj39jn4v88wdy1-gcc-11.3.0/libexec/gcc/x86_64-unknown-linux-gnu/11.3.0/:/nix/store/as1xzrm2921pnxx4jvxj39jn4v88wdy1-gcc-11.3.0/libexec/gcc/x86_64-unknown-linux-gnu/11.3.0/:/nix/store/as1xzrm2921pnxx4jvxj39jn4v88wdy1-gcc-11.3.0/libexec/gcc/x86_64-unknown-linux-gnu/:/nix/store/as1xzrm2921pnxx4jvxj39jn4v88wdy1-gcc-11.3.0/lib/gcc/x86_64-unknown-linux-gnu/11.3.0/:/nix/store/as1xzrm2921pnxx4jvxj39jn4v88wdy1-gcc-11.3.0/lib/gcc/x86_64-unknown-linux-gnu/
LIBRARY_PATH=/nix/store/scd5n7xsn0hh0lvhhnycr9gx0h8xfzsl-glibc-2.34-210/lib/:/nix/store/j132k1ncfn6gjfd2f5s1gz37170rch4h-gcc-11.3.0-lib/lib/:/nix/store/ag2bpk0lzjvj409znklrz5krkpc5imzs-gcc-wrapper-11.3.0/bin/:/nix/store/as1xzrm2921pnxx4jvxj39jn4v88wdy1-gcc-11.3.0/lib/gcc/x86_64-unknown-linux-gnu/11.3.0/:/nix/store/as1xzrm2921pnxx4jvxj39jn4v88wdy1-gcc-11.3.0/lib/gcc/x86_64-unknown-linux-gnu/11.3.0/../../../../lib64/:/nix/store/as1xzrm2921pnxx4jvxj39jn4v88wdy1-gcc-11.3.0/lib/gcc/x86_64-unknown-linux-gnu/11.3.0/../../../
COLLECT_GCC_OPTIONS='-v' '-o' 'CMakeFiles/cmTC_a7bfa.dir/CMakeCXXCompilerABI.cpp.o' '-c' '-B' '/nix/store/scd5n7xsn0hh0lvhhnycr9gx0h8xfzsl-glibc-2.34-210/lib/' '-idirafter' '/nix/store/dwsi3wsqpqm0hpzdm9fsxc7q732p9xwi-glibc-2.34-210-dev/include' '-idirafter' '/nix/store/as1xzrm2921pnxx4jvxj39jn4v88wdy1-gcc-11.3.0/lib/gcc/x86_64-unknown-linux-gnu/11.3.0/include-fixed' '-B' '/nix/store/j132k1ncfn6gjfd2f5s1gz37170rch4h-gcc-11.3.0-lib/lib' '-B' '/nix/store/ag2bpk0lzjvj409znklrz5krkpc5imzs-gcc-wrapper-11.3.0/bin/' '-mtune=generic' '-march=x86-64' '-fcommon' '-dumpdir' 'CMakeFiles/cmTC_a7bfa.dir/CMakeCXXCompilerABI.cpp.'
Linking CXX executable cmTC_a7bfa
/nix/store/asp609pmpi09vlzdszhliffr65qppmy6-cmake-3.22.3/bin/cmake -E cmake_link_script CMakeFiles/cmTC_a7bfa.dir/link.txt --verbose=1
/run/current-system/sw/bin/gcc  -v -rdynamic CMakeFiles/cmTC_a7bfa.dir/CMakeCXXCompilerABI.cpp.o -o cmTC_a7bfa 
Using built-in specs.
COLLECT_GCC=/nix/store/as1xzrm2921pnxx4jvxj39jn4v88wdy1-gcc-11.3.0/bin/gcc
COLLECT_LTO_WRAPPER=/nix/store/as1xzrm2921pnxx4jvxj39jn4v88wdy1-gcc-11.3.0/libexec/gcc/x86_64-unknown-linux-gnu/11.3.0/lto-wrapper
Target: x86_64-unknown-linux-gnu
Configured with: 
Thread model: posix
Supported LTO compression algorithms: zlib
gcc version 11.3.0 (GCC) 
COMPILER_PATH=/nix/store/scd5n7xsn0hh0lvhhnycr9gx0h8xfzsl-glibc-2.34-210/lib/:/nix/store/j132k1ncfn6gjfd2f5s1gz37170rch4h-gcc-11.3.0-lib/lib/:/nix/store/ag2bpk0lzjvj409znklrz5krkpc5imzs-gcc-wrapper-11.3.0/bin/:/nix/store/as1xzrm2921pnxx4jvxj39jn4v88wdy1-gcc-11.3.0/libexec/gcc/x86_64-unknown-linux-gnu/11.3.0/:/nix/store/as1xzrm2921pnxx4jvxj39jn4v88wdy1-gcc-11.3.0/libexec/gcc/x86_64-unknown-linux-gnu/11.3.0/:/nix/store/as1xzrm2921pnxx4jvxj39jn4v88wdy1-gcc-11.3.0/libexec/gcc/x86_64-unknown-linux-gnu/:/nix/store/as1xzrm2921pnxx4jvxj39jn4v88wdy1-gcc-11.3.0/lib/gcc/x86_64-unknown-linux-gnu/11.3.0/:/nix/store/as1xzrm2921pnxx4jvxj39jn4v88wdy1-gcc-11.3.0/lib/gcc/x86_64-unknown-linux-gnu/
LIBRARY_PATH=/nix/store/scd5n7xsn0hh0lvhhnycr9gx0h8xfzsl-glibc-2.34-210/lib/:/nix/store/j132k1ncfn6gjfd2f5s1gz37170rch4h-gcc-11.3.0-lib/lib/:/nix/store/ag2bpk0lzjvj409znklrz5krkpc5imzs-gcc-wrapper-11.3.0/bin/:/nix/store/as1xzrm2921pnxx4jvxj39jn4v88wdy1-gcc-11.3.0/lib/gcc/x86_64-unknown-linux-gnu/11.3.0/:/nix/store/as1xzrm2921pnxx4jvxj39jn4v88wdy1-gcc-11.3.0/lib/gcc/x86_64-unknown-linux-gnu/11.3.0/../../../../lib64/:/nix/store/as1xzrm2921pnxx4jvxj39jn4v88wdy1-gcc-11.3.0/lib/gcc/x86_64-unknown-linux-gnu/11.3.0/../../../
COLLECT_GCC_OPTIONS='-v' '-rdynamic' '-o' 'cmTC_a7bfa' '-B' '/nix/store/scd5n7xsn0hh0lvhhnycr9gx0h8xfzsl-glibc-2.34-210/lib/' '-idirafter' '/nix/store/dwsi3wsqpqm0hpzdm9fsxc7q732p9xwi-glibc-2.34-210-dev/include' '-idirafter' '/nix/store/as1xzrm2921pnxx4jvxj39jn4v88wdy1-gcc-11.3.0/lib/gcc/x86_64-unknown-linux-gnu/11.3.0/include-fixed' '-B' '/nix/store/j132k1ncfn6gjfd2f5s1gz37170rch4h-gcc-11.3.0-lib/lib' '-B' '/nix/store/ag2bpk0lzjvj409znklrz5krkpc5imzs-gcc-wrapper-11.3.0/bin/' '-L/nix/store/scd5n7xsn0hh0lvhhnycr9gx0h8xfzsl-glibc-2.34-210/lib' '-L/nix/store/j132k1ncfn6gjfd2f5s1gz37170rch4h-gcc-11.3.0-lib/lib' '-mtune=generic' '-march=x86-64' '-fcommon' '-dumpdir' 'cmTC_a7bfa.'
 /nix/store/as1xzrm2921pnxx4jvxj39jn4v88wdy1-gcc-11.3.0/libexec/gcc/x86_64-unknown-linux-gnu/11.3.0/collect2 -plugin /nix/store/as1xzrm2921pnxx4jvxj39jn4v88wdy1-gcc-11.3.0/libexec/gcc/x86_64-unknown-linux-gnu/11.3.0/liblto_plugin.so -plugin-opt=/nix/store/as1xzrm2921pnxx4jvxj39jn4v88wdy1-gcc-11.3.0/libexec/gcc/x86_64-unknown-linux-gnu/11.3.0/lto-wrapper -plugin-opt=-fresolution=/tmp/ccOhpsSb.res -plugin-opt=-pass-through=-lgcc -plugin-opt=-pass-through=-lgcc_s -plugin-opt=-pass-through=-lc -plugin-opt=-pass-through=-lgcc -plugin-opt=-pass-through=-lgcc_s --eh-frame-hdr -m elf_x86_64 -export-dynamic -dynamic-linker /nix/store/scd5n7xsn0hh0lvhhnycr9gx0h8xfzsl-glibc-2.34-210/lib64/ld-linux-x86-64.so.2 -o cmTC_a7bfa /nix/store/scd5n7xsn0hh0lvhhnycr9gx0h8xfzsl-glibc-2.34-210/lib/crt1.o /nix/store/scd5n7xsn0hh0lvhhnycr9gx0h8xfzsl-glibc-2.34-210/lib/crti.o /nix/store/as1xzrm2921pnxx4jvxj39jn4v88wdy1-gcc-11.3.0/lib/gcc/x86_64-unknown-linux-gnu/11.3.0/crtbegin.o -L/nix/store/scd5n7xsn0hh0lvhhnycr9gx0h8xfzsl-glibc-2.34-210/lib -L/nix/store/j132k1ncfn6gjfd2f5s1gz37170rch4h-gcc-11.3.0-lib/lib -L/nix/store/scd5n7xsn0hh0lvhhnycr9gx0h8xfzsl-glibc-2.34-210/lib -L/nix/store/j132k1ncfn6gjfd2f5s1gz37170rch4h-gcc-11.3.0-lib/lib -L/nix/store/ag2bpk0lzjvj409znklrz5krkpc5imzs-gcc-wrapper-11.3.0/bin -L/nix/store/as1xzrm2921pnxx4jvxj39jn4v88wdy1-gcc-11.3.0/lib/gcc/x86_64-unknown-linux-gnu/11.3.0 -L/nix/store/as1xzrm2921pnxx4jvxj39jn4v88wdy1-gcc-11.3.0/lib/gcc/x86_64-unknown-linux-gnu/11.3.0/../../../../lib64 -L/nix/store/as1xzrm2921pnxx4jvxj39jn4v88wdy1-gcc-11.3.0/lib/gcc/x86_64-unknown-linux-gnu/11.3.0/../../.. -dynamic-linker=/nix/store/scd5n7xsn0hh0lvhhnycr9gx0h8xfzsl-glibc-2.34-210/lib/ld-linux-x86-64.so.2 CMakeFiles/cmTC_a7bfa.dir/CMakeCXXCompilerABI.cpp.o -lgcc --push-state --as-needed -lgcc_s --pop-state -lc -lgcc --push-state --as-needed -lgcc_s --pop-state /nix/store/as1xzrm2921pnxx4jvxj39jn4v88wdy1-gcc-11.3.0/lib/gcc/x86_64-unknown-linux-gnu/11.3.0/crtend.o /nix/store/scd5n7xsn0hh0lvhhnycr9gx0h8xfzsl-glibc-2.34-210/lib/crtn.o
COLLECT_GCC_OPTIONS='-v' '-rdynamic' '-o' 'cmTC_a7bfa' '-B' '/nix/store/scd5n7xsn0hh0lvhhnycr9gx0h8xfzsl-glibc-2.34-210/lib/' '-idirafter' '/nix/store/dwsi3wsqpqm0hpzdm9fsxc7q732p9xwi-glibc-2.34-210-dev/include' '-idirafter' '/nix/store/as1xzrm2921pnxx4jvxj39jn4v88wdy1-gcc-11.3.0/lib/gcc/x86_64-unknown-linux-gnu/11.3.0/include-fixed' '-B' '/nix/store/j132k1ncfn6gjfd2f5s1gz37170rch4h-gcc-11.3.0-lib/lib' '-B' '/nix/store/ag2bpk0lzjvj409znklrz5krkpc5imzs-gcc-wrapper-11.3.0/bin/' '-L/nix/store/scd5n7xsn0hh0lvhhnycr9gx0h8xfzsl-glibc-2.34-210/lib' '-L/nix/store/j132k1ncfn6gjfd2f5s1gz37170rch4h-gcc-11.3.0-lib/lib' '-mtune=generic' '-march=x86-64' '-fcommon' '-dumpdir' 'cmTC_a7bfa.'
make[1]: Leaving directory '/home/tei/projects/imgtec/GLES_X11/CMakeFiles/CMakeTmp'



Parsed CXX implicit include dir info from above output: rv=done
  found start of include info
  found start of implicit include info
    add: [/nix/store/as1xzrm2921pnxx4jvxj39jn4v88wdy1-gcc-11.3.0/lib/gcc/x86_64-unknown-linux-gnu/11.3.0/../../../../include/c++/11.3.0]
    add: [/nix/store/as1xzrm2921pnxx4jvxj39jn4v88wdy1-gcc-11.3.0/lib/gcc/x86_64-unknown-linux-gnu/11.3.0/../../../../include/c++/11.3.0/x86_64-unknown-linux-gnu]
    add: [/nix/store/as1xzrm2921pnxx4jvxj39jn4v88wdy1-gcc-11.3.0/lib/gcc/x86_64-unknown-linux-gnu/11.3.0/../../../../include/c++/11.3.0/backward]
    add: [/nix/store/as1xzrm2921pnxx4jvxj39jn4v88wdy1-gcc-11.3.0/lib/gcc/x86_64-unknown-linux-gnu/11.3.0/include]
    add: [/nix/store/as1xzrm2921pnxx4jvxj39jn4v88wdy1-gcc-11.3.0/include]
    add: [/nix/store/as1xzrm2921pnxx4jvxj39jn4v88wdy1-gcc-11.3.0/lib/gcc/x86_64-unknown-linux-gnu/11.3.0/include-fixed]
    add: [/nix/store/dwsi3wsqpqm0hpzdm9fsxc7q732p9xwi-glibc-2.34-210-dev/include]
  end of search list found
  collapse include dir [/nix/store/as1xzrm2921pnxx4jvxj39jn4v88wdy1-gcc-11.3.0/lib/gcc/x86_64-unknown-linux-gnu/11.3.0/../../../../include/c++/11.3.0] ==> [/nix/store/as1xzrm2921pnxx4jvxj39jn4v88wdy1-gcc-11.3.0/include/c++/11.3.0]
  collapse include dir [/nix/store/as1xzrm2921pnxx4jvxj39jn4v88wdy1-gcc-11.3.0/lib/gcc/x86_64-unknown-linux-gnu/11.3.0/../../../../include/c++/11.3.0/x86_64-unknown-linux-gnu] ==> [/nix/store/as1xzrm2921pnxx4jvxj39jn4v88wdy1-gcc-11.3.0/include/c++/11.3.0/x86_64-unknown-linux-gnu]
  collapse include dir [/nix/store/as1xzrm2921pnxx4jvxj39jn4v88wdy1-gcc-11.3.0/lib/gcc/x86_64-unknown-linux-gnu/11.3.0/../../../../include/c++/11.3.0/backward] ==> [/nix/store/as1xzrm2921pnxx4jvxj39jn4v88wdy1-gcc-11.3.0/include/c++/11.3.0/backward]
  collapse include dir [/nix/store/as1xzrm2921pnxx4jvxj39jn4v88wdy1-gcc-11.3.0/lib/gcc/x86_64-unknown-linux-gnu/11.3.0/include] ==> [/nix/store/as1xzrm2921pnxx4jvxj39jn4v88wdy1-gcc-11.3.0/lib/gcc/x86_64-unknown-linux-gnu/11.3.0/include]
  collapse include dir [/nix/store/as1xzrm2921pnxx4jvxj39jn4v88wdy1-gcc-11.3.0/include] ==> [/nix/store/as1xzrm2921pnxx4jvxj39jn4v88wdy1-gcc-11.3.0/include]
  collapse include dir [/nix/store/as1xzrm2921pnxx4jvxj39jn4v88wdy1-gcc-11.3.0/lib/gcc/x86_64-unknown-linux-gnu/11.3.0/include-fixed] ==> [/nix/store/as1xzrm2921pnxx4jvxj39jn4v88wdy1-gcc-11.3.0/lib/gcc/x86_64-unknown-linux-gnu/11.3.0/include-fixed]
  collapse include dir [/nix/store/dwsi3wsqpqm0hpzdm9fsxc7q732p9xwi-glibc-2.34-210-dev/include] ==> [/nix/store/dwsi3wsqpqm0hpzdm9fsxc7q732p9xwi-glibc-2.34-210-dev/include]
  implicit include dirs: [/nix/store/as1xzrm2921pnxx4jvxj39jn4v88wdy1-gcc-11.3.0/include/c++/11.3.0;/nix/store/as1xzrm2921pnxx4jvxj39jn4v88wdy1-gcc-11.3.0/include/c++/11.3.0/x86_64-unknown-linux-gnu;/nix/store/as1xzrm2921pnxx4jvxj39jn4v88wdy1-gcc-11.3.0/include/c++/11.3.0/backward;/nix/store/as1xzrm2921pnxx4jvxj39jn4v88wdy1-gcc-11.3.0/lib/gcc/x86_64-unknown-linux-gnu/11.3.0/include;/nix/store/as1xzrm2921pnxx4jvxj39jn4v88wdy1-gcc-11.3.0/include;/nix/store/as1xzrm2921pnxx4jvxj39jn4v88wdy1-gcc-11.3.0/lib/gcc/x86_64-unknown-linux-gnu/11.3.0/include-fixed;/nix/store/dwsi3wsqpqm0hpzdm9fsxc7q732p9xwi-glibc-2.34-210-dev/include]


Parsed CXX implicit link information from above output:
  link line regex: [^( *|.*[/\])(ld|CMAKE_LINK_STARTFILE-NOTFOUND|([^/\]+-)?ld|collect2)[^/\]*( |$)]
  ignore line: [Change Dir: /home/tei/projects/imgtec/GLES_X11/CMakeFiles/CMakeTmp]
  ignore line: []
  ignore line: [Run Build Command(s):/run/current-system/sw/bin/make -f Makefile cmTC_a7bfa/fast && /run/current-system/sw/bin/make  -f CMakeFiles/cmTC_a7bfa.dir/build.make CMakeFiles/cmTC_a7bfa.dir/build]
  ignore line: [make[1]: Entering directory '/home/tei/projects/imgtec/GLES_X11/CMakeFiles/CMakeTmp']
  ignore line: [Building CXX object CMakeFiles/cmTC_a7bfa.dir/CMakeCXXCompilerABI.cpp.o]
  ignore line: [/run/current-system/sw/bin/gcc   -v -o CMakeFiles/cmTC_a7bfa.dir/CMakeCXXCompilerABI.cpp.o -c /nix/store/asp609pmpi09vlzdszhliffr65qppmy6-cmake-3.22.3/share/cmake-3.22/Modules/CMakeCXXCompilerABI.cpp]
  ignore line: [Using built-in specs.]
  ignore line: [COLLECT_GCC=/nix/store/as1xzrm2921pnxx4jvxj39jn4v88wdy1-gcc-11.3.0/bin/gcc]
  ignore line: [Target: x86_64-unknown-linux-gnu]
  ignore line: [Configured with: ]
  ignore line: [Thread model: posix]
  ignore line: [Supported LTO compression algorithms: zlib]
  ignore line: [gcc version 11.3.0 (GCC) ]
  ignore line: [COLLECT_GCC_OPTIONS='-v' '-o' 'CMakeFiles/cmTC_a7bfa.dir/CMakeCXXCompilerABI.cpp.o' '-c' '-B' '/nix/store/scd5n7xsn0hh0lvhhnycr9gx0h8xfzsl-glibc-2.34-210/lib/' '-idirafter' '/nix/store/dwsi3wsqpqm0hpzdm9fsxc7q732p9xwi-glibc-2.34-210-dev/include' '-idirafter' '/nix/store/as1xzrm2921pnxx4jvxj39jn4v88wdy1-gcc-11.3.0/lib/gcc/x86_64-unknown-linux-gnu/11.3.0/include-fixed' '-B' '/nix/store/j132k1ncfn6gjfd2f5s1gz37170rch4h-gcc-11.3.0-lib/lib' '-B' '/nix/store/ag2bpk0lzjvj409znklrz5krkpc5imzs-gcc-wrapper-11.3.0/bin/' '-mtune=generic' '-march=x86-64' '-fcommon' '-dumpdir' 'CMakeFiles/cmTC_a7bfa.dir/']
  ignore line: [ /nix/store/as1xzrm2921pnxx4jvxj39jn4v88wdy1-gcc-11.3.0/libexec/gcc/x86_64-unknown-linux-gnu/11.3.0/cc1plus -quiet -v -D_GNU_SOURCE -idirafter /nix/store/dwsi3wsqpqm0hpzdm9fsxc7q732p9xwi-glibc-2.34-210-dev/include -idirafter /nix/store/as1xzrm2921pnxx4jvxj39jn4v88wdy1-gcc-11.3.0/lib/gcc/x86_64-unknown-linux-gnu/11.3.0/include-fixed /nix/store/asp609pmpi09vlzdszhliffr65qppmy6-cmake-3.22.3/share/cmake-3.22/Modules/CMakeCXXCompilerABI.cpp -quiet -dumpdir CMakeFiles/cmTC_a7bfa.dir/ -dumpbase CMakeCXXCompilerABI.cpp.cpp -dumpbase-ext .cpp -mtune=generic -march=x86-64 -version -fcommon -o /tmp/ccY4ajCz.s]
  ignore line: [GNU C++17 (GCC) version 11.3.0 (x86_64-unknown-linux-gnu)]
  ignore line: [	compiled by GNU C version 11.3.0  GMP version 6.2.1  MPFR version 4.1.0  MPC version 1.2.1  isl version isl-0.20-GMP]
  ignore line: []
  ignore line: [GGC heuristics: --param ggc-min-expand=100 --param ggc-min-heapsize=131072]
  ignore line: [ignoring nonexistent directory "/nix/store/as1xzrm2921pnxx4jvxj39jn4v88wdy1-gcc-11.3.0/lib/gcc/x86_64-unknown-linux-gnu/11.3.0/../../../../x86_64-unknown-linux-gnu/include"]
  ignore line: [ignoring duplicate directory "/nix/store/dwsi3wsqpqm0hpzdm9fsxc7q732p9xwi-glibc-2.34-210-dev/include"]
  ignore line: [ignoring duplicate directory "/nix/store/as1xzrm2921pnxx4jvxj39jn4v88wdy1-gcc-11.3.0/lib/gcc/x86_64-unknown-linux-gnu/11.3.0/include-fixed"]
  ignore line: [#include "..." search starts here:]
  ignore line: [#include <...> search starts here:]
  ignore line: [ /nix/store/as1xzrm2921pnxx4jvxj39jn4v88wdy1-gcc-11.3.0/lib/gcc/x86_64-unknown-linux-gnu/11.3.0/../../../../include/c++/11.3.0]
  ignore line: [ /nix/store/as1xzrm2921pnxx4jvxj39jn4v88wdy1-gcc-11.3.0/lib/gcc/x86_64-unknown-linux-gnu/11.3.0/../../../../include/c++/11.3.0/x86_64-unknown-linux-gnu]
  ignore line: [ /nix/store/as1xzrm2921pnxx4jvxj39jn4v88wdy1-gcc-11.3.0/lib/gcc/x86_64-unknown-linux-gnu/11.3.0/../../../../include/c++/11.3.0/backward]
  ignore line: [ /nix/store/as1xzrm2921pnxx4jvxj39jn4v88wdy1-gcc-11.3.0/lib/gcc/x86_64-unknown-linux-gnu/11.3.0/include]
  ignore line: [ /nix/store/as1xzrm2921pnxx4jvxj39jn4v88wdy1-gcc-11.3.0/include]
  ignore line: [ /nix/store/as1xzrm2921pnxx4jvxj39jn4v88wdy1-gcc-11.3.0/lib/gcc/x86_64-unknown-linux-gnu/11.3.0/include-fixed]
  ignore line: [ /nix/store/dwsi3wsqpqm0hpzdm9fsxc7q732p9xwi-glibc-2.34-210-dev/include]
  ignore line: [End of search list.]
  ignore line: [GNU C++17 (GCC) version 11.3.0 (x86_64-unknown-linux-gnu)]
  ignore line: [	compiled by GNU C version 11.3.0  GMP version 6.2.1  MPFR version 4.1.0  MPC version 1.2.1  isl version isl-0.20-GMP]
  ignore line: []
  ignore line: [GGC heuristics: --param ggc-min-expand=100 --param ggc-min-heapsize=131072]
  ignore line: [Compiler executable checksum: de939eaf1aa2e6226bf399186e53a591]
  ignore line: [COLLECT_GCC_OPTIONS='-v' '-o' 'CMakeFiles/cmTC_a7bfa.dir/CMakeCXXCompilerABI.cpp.o' '-c' '-B' '/nix/store/scd5n7xsn0hh0lvhhnycr9gx0h8xfzsl-glibc-2.34-210/lib/' '-idirafter' '/nix/store/dwsi3wsqpqm0hpzdm9fsxc7q732p9xwi-glibc-2.34-210-dev/include' '-idirafter' '/nix/store/as1xzrm2921pnxx4jvxj39jn4v88wdy1-gcc-11.3.0/lib/gcc/x86_64-unknown-linux-gnu/11.3.0/include-fixed' '-B' '/nix/store/j132k1ncfn6gjfd2f5s1gz37170rch4h-gcc-11.3.0-lib/lib' '-B' '/nix/store/ag2bpk0lzjvj409znklrz5krkpc5imzs-gcc-wrapper-11.3.0/bin/' '-mtune=generic' '-march=x86-64' '-fcommon' '-dumpdir' 'CMakeFiles/cmTC_a7bfa.dir/']
  ignore line: [ /nix/store/ag2bpk0lzjvj409znklrz5krkpc5imzs-gcc-wrapper-11.3.0/bin/as -v --64 -o CMakeFiles/cmTC_a7bfa.dir/CMakeCXXCompilerABI.cpp.o /tmp/ccY4ajCz.s]
  ignore line: [GNU assembler version 2.38 (x86_64-unknown-linux-gnu) using BFD version (GNU Binutils) 2.38]
  ignore line: [COMPILER_PATH=/nix/store/scd5n7xsn0hh0lvhhnycr9gx0h8xfzsl-glibc-2.34-210/lib/:/nix/store/j132k1ncfn6gjfd2f5s1gz37170rch4h-gcc-11.3.0-lib/lib/:/nix/store/ag2bpk0lzjvj409znklrz5krkpc5imzs-gcc-wrapper-11.3.0/bin/:/nix/store/as1xzrm2921pnxx4jvxj39jn4v88wdy1-gcc-11.3.0/libexec/gcc/x86_64-unknown-linux-gnu/11.3.0/:/nix/store/as1xzrm2921pnxx4jvxj39jn4v88wdy1-gcc-11.3.0/libexec/gcc/x86_64-unknown-linux-gnu/11.3.0/:/nix/store/as1xzrm2921pnxx4jvxj39jn4v88wdy1-gcc-11.3.0/libexec/gcc/x86_64-unknown-linux-gnu/:/nix/store/as1xzrm2921pnxx4jvxj39jn4v88wdy1-gcc-11.3.0/lib/gcc/x86_64-unknown-linux-gnu/11.3.0/:/nix/store/as1xzrm2921pnxx4jvxj39jn4v88wdy1-gcc-11.3.0/lib/gcc/x86_64-unknown-linux-gnu/]
  ignore line: [LIBRARY_PATH=/nix/store/scd5n7xsn0hh0lvhhnycr9gx0h8xfzsl-glibc-2.34-210/lib/:/nix/store/j132k1ncfn6gjfd2f5s1gz37170rch4h-gcc-11.3.0-lib/lib/:/nix/store/ag2bpk0lzjvj409znklrz5krkpc5imzs-gcc-wrapper-11.3.0/bin/:/nix/store/as1xzrm2921pnxx4jvxj39jn4v88wdy1-gcc-11.3.0/lib/gcc/x86_64-unknown-linux-gnu/11.3.0/:/nix/store/as1xzrm2921pnxx4jvxj39jn4v88wdy1-gcc-11.3.0/lib/gcc/x86_64-unknown-linux-gnu/11.3.0/../../../../lib64/:/nix/store/as1xzrm2921pnxx4jvxj39jn4v88wdy1-gcc-11.3.0/lib/gcc/x86_64-unknown-linux-gnu/11.3.0/../../../]
  ignore line: [COLLECT_GCC_OPTIONS='-v' '-o' 'CMakeFiles/cmTC_a7bfa.dir/CMakeCXXCompilerABI.cpp.o' '-c' '-B' '/nix/store/scd5n7xsn0hh0lvhhnycr9gx0h8xfzsl-glibc-2.34-210/lib/' '-idirafter' '/nix/store/dwsi3wsqpqm0hpzdm9fsxc7q732p9xwi-glibc-2.34-210-dev/include' '-idirafter' '/nix/store/as1xzrm2921pnxx4jvxj39jn4v88wdy1-gcc-11.3.0/lib/gcc/x86_64-unknown-linux-gnu/11.3.0/include-fixed' '-B' '/nix/store/j132k1ncfn6gjfd2f5s1gz37170rch4h-gcc-11.3.0-lib/lib' '-B' '/nix/store/ag2bpk0lzjvj409znklrz5krkpc5imzs-gcc-wrapper-11.3.0/bin/' '-mtune=generic' '-march=x86-64' '-fcommon' '-dumpdir' 'CMakeFiles/cmTC_a7bfa.dir/CMakeCXXCompilerABI.cpp.']
  ignore line: [Linking CXX executable cmTC_a7bfa]
  ignore line: [/nix/store/asp609pmpi09vlzdszhliffr65qppmy6-cmake-3.22.3/bin/cmake -E cmake_link_script CMakeFiles/cmTC_a7bfa.dir/link.txt --verbose=1]
  ignore line: [/run/current-system/sw/bin/gcc  -v -rdynamic CMakeFiles/cmTC_a7bfa.dir/CMakeCXXCompilerABI.cpp.o -o cmTC_a7bfa ]
  ignore line: [Using built-in specs.]
  ignore line: [COLLECT_GCC=/nix/store/as1xzrm2921pnxx4jvxj39jn4v88wdy1-gcc-11.3.0/bin/gcc]
  ignore line: [COLLECT_LTO_WRAPPER=/nix/store/as1xzrm2921pnxx4jvxj39jn4v88wdy1-gcc-11.3.0/libexec/gcc/x86_64-unknown-linux-gnu/11.3.0/lto-wrapper]
  ignore line: [Target: x86_64-unknown-linux-gnu]
  ignore line: [Configured with: ]
  ignore line: [Thread model: posix]
  ignore line: [Supported LTO compression algorithms: zlib]
  ignore line: [gcc version 11.3.0 (GCC) ]
  ignore line: [COMPILER_PATH=/nix/store/scd5n7xsn0hh0lvhhnycr9gx0h8xfzsl-glibc-2.34-210/lib/:/nix/store/j132k1ncfn6gjfd2f5s1gz37170rch4h-gcc-11.3.0-lib/lib/:/nix/store/ag2bpk0lzjvj409znklrz5krkpc5imzs-gcc-wrapper-11.3.0/bin/:/nix/store/as1xzrm2921pnxx4jvxj39jn4v88wdy1-gcc-11.3.0/libexec/gcc/x86_64-unknown-linux-gnu/11.3.0/:/nix/store/as1xzrm2921pnxx4jvxj39jn4v88wdy1-gcc-11.3.0/libexec/gcc/x86_64-unknown-linux-gnu/11.3.0/:/nix/store/as1xzrm2921pnxx4jvxj39jn4v88wdy1-gcc-11.3.0/libexec/gcc/x86_64-unknown-linux-gnu/:/nix/store/as1xzrm2921pnxx4jvxj39jn4v88wdy1-gcc-11.3.0/lib/gcc/x86_64-unknown-linux-gnu/11.3.0/:/nix/store/as1xzrm2921pnxx4jvxj39jn4v88wdy1-gcc-11.3.0/lib/gcc/x86_64-unknown-linux-gnu/]
  ignore line: [LIBRARY_PATH=/nix/store/scd5n7xsn0hh0lvhhnycr9gx0h8xfzsl-glibc-2.34-210/lib/:/nix/store/j132k1ncfn6gjfd2f5s1gz37170rch4h-gcc-11.3.0-lib/lib/:/nix/store/ag2bpk0lzjvj409znklrz5krkpc5imzs-gcc-wrapper-11.3.0/bin/:/nix/store/as1xzrm2921pnxx4jvxj39jn4v88wdy1-gcc-11.3.0/lib/gcc/x86_64-unknown-linux-gnu/11.3.0/:/nix/store/as1xzrm2921pnxx4jvxj39jn4v88wdy1-gcc-11.3.0/lib/gcc/x86_64-unknown-linux-gnu/11.3.0/../../../../lib64/:/nix/store/as1xzrm2921pnxx4jvxj39jn4v88wdy1-gcc-11.3.0/lib/gcc/x86_64-unknown-linux-gnu/11.3.0/../../../]
  ignore line: [COLLECT_GCC_OPTIONS='-v' '-rdynamic' '-o' 'cmTC_a7bfa' '-B' '/nix/store/scd5n7xsn0hh0lvhhnycr9gx0h8xfzsl-glibc-2.34-210/lib/' '-idirafter' '/nix/store/dwsi3wsqpqm0hpzdm9fsxc7q732p9xwi-glibc-2.34-210-dev/include' '-idirafter' '/nix/store/as1xzrm2921pnxx4jvxj39jn4v88wdy1-gcc-11.3.0/lib/gcc/x86_64-unknown-linux-gnu/11.3.0/include-fixed' '-B' '/nix/store/j132k1ncfn6gjfd2f5s1gz37170rch4h-gcc-11.3.0-lib/lib' '-B' '/nix/store/ag2bpk0lzjvj409znklrz5krkpc5imzs-gcc-wrapper-11.3.0/bin/' '-L/nix/store/scd5n7xsn0hh0lvhhnycr9gx0h8xfzsl-glibc-2.34-210/lib' '-L/nix/store/j132k1ncfn6gjfd2f5s1gz37170rch4h-gcc-11.3.0-lib/lib' '-mtune=generic' '-march=x86-64' '-fcommon' '-dumpdir' 'cmTC_a7bfa.']
  link line: [ /nix/store/as1xzrm2921pnxx4jvxj39jn4v88wdy1-gcc-11.3.0/libexec/gcc/x86_64-unknown-linux-gnu/11.3.0/collect2 -plugin /nix/store/as1xzrm2921pnxx4jvxj39jn4v88wdy1-gcc-11.3.0/libexec/gcc/x86_64-unknown-linux-gnu/11.3.0/liblto_plugin.so -plugin-opt=/nix/store/as1xzrm2921pnxx4jvxj39jn4v88wdy1-gcc-11.3.0/libexec/gcc/x86_64-unknown-linux-gnu/11.3.0/lto-wrapper -plugin-opt=-fresolution=/tmp/ccOhpsSb.res -plugin-opt=-pass-through=-lgcc -plugin-opt=-pass-through=-lgcc_s -plugin-opt=-pass-through=-lc -plugin-opt=-pass-through=-lgcc -plugin-opt=-pass-through=-lgcc_s --eh-frame-hdr -m elf_x86_64 -export-dynamic -dynamic-linker /nix/store/scd5n7xsn0hh0lvhhnycr9gx0h8xfzsl-glibc-2.34-210/lib64/ld-linux-x86-64.so.2 -o cmTC_a7bfa /nix/store/scd5n7xsn0hh0lvhhnycr9gx0h8xfzsl-glibc-2.34-210/lib/crt1.o /nix/store/scd5n7xsn0hh0lvhhnycr9gx0h8xfzsl-glibc-2.34-210/lib/crti.o /nix/store/as1xzrm2921pnxx4jvxj39jn4v88wdy1-gcc-11.3.0/lib/gcc/x86_64-unknown-linux-gnu/11.3.0/crtbegin.o -L/nix/store/scd5n7xsn0hh0lvhhnycr9gx0h8xfzsl-glibc-2.34-210/lib -L/nix/store/j132k1ncfn6gjfd2f5s1gz37170rch4h-gcc-11.3.0-lib/lib -L/nix/store/scd5n7xsn0hh0lvhhnycr9gx0h8xfzsl-glibc-2.34-210/lib -L/nix/store/j132k1ncfn6gjfd2f5s1gz37170rch4h-gcc-11.3.0-lib/lib -L/nix/store/ag2bpk0lzjvj409znklrz5krkpc5imzs-gcc-wrapper-11.3.0/bin -L/nix/store/as1xzrm2921pnxx4jvxj39jn4v88wdy1-gcc-11.3.0/lib/gcc/x86_64-unknown-linux-gnu/11.3.0 -L/nix/store/as1xzrm2921pnxx4jvxj39jn4v88wdy1-gcc-11.3.0/lib/gcc/x86_64-unknown-linux-gnu/11.3.0/../../../../lib64 -L/nix/store/as1xzrm2921pnxx4jvxj39jn4v88wdy1-gcc-11.3.0/lib/gcc/x86_64-unknown-linux-gnu/11.3.0/../../.. -dynamic-linker=/nix/store/scd5n7xsn0hh0lvhhnycr9gx0h8xfzsl-glibc-2.34-210/lib/ld-linux-x86-64.so.2 CMakeFiles/cmTC_a7bfa.dir/CMakeCXXCompilerABI.cpp.o -lgcc --push-state --as-needed -lgcc_s --pop-state -lc -lgcc --push-state --as-needed -lgcc_s --pop-state /nix/store/as1xzrm2921pnxx4jvxj39jn4v88wdy1-gcc-11.3.0/lib/gcc/x86_64-unknown-linux-gnu/11.3.0/crtend.o /nix/store/scd5n7xsn0hh0lvhhnycr9gx0h8xfzsl-glibc-2.34-210/lib/crtn.o]
    arg [/nix/store/as1xzrm2921pnxx4jvxj39jn4v88wdy1-gcc-11.3.0/libexec/gcc/x86_64-unknown-linux-gnu/11.3.0/collect2] ==> ignore
    arg [-plugin] ==> ignore
    arg [/nix/store/as1xzrm2921pnxx4jvxj39jn4v88wdy1-gcc-11.3.0/libexec/gcc/x86_64-unknown-linux-gnu/11.3.0/liblto_plugin.so] ==> ignore
    arg [-plugin-opt=/nix/store/as1xzrm2921pnxx4jvxj39jn4v88wdy1-gcc-11.3.0/libexec/gcc/x86_64-unknown-linux-gnu/11.3.0/lto-wrapper] ==> ignore
    arg [-plugin-opt=-fresolution=/tmp/ccOhpsSb.res] ==> ignore
    arg [-plugin-opt=-pass-through=-lgcc] ==> ignore
    arg [-plugin-opt=-pass-through=-lgcc_s] ==> ignore
    arg [-plugin-opt=-pass-through=-lc] ==> ignore
    arg [-plugin-opt=-pass-through=-lgcc] ==> ignore
    arg [-plugin-opt=-pass-through=-lgcc_s] ==> ignore
    arg [--eh-frame-hdr] ==> ignore
    arg [-m] ==> ignore
    arg [elf_x86_64] ==> ignore
    arg [-export-dynamic] ==> ignore
    arg [-dynamic-linker] ==> ignore
    arg [/nix/store/scd5n7xsn0hh0lvhhnycr9gx0h8xfzsl-glibc-2.34-210/lib64/ld-linux-x86-64.so.2] ==> ignore
    arg [-o] ==> ignore
    arg [cmTC_a7bfa] ==> ignore
    arg [/nix/store/scd5n7xsn0hh0lvhhnycr9gx0h8xfzsl-glibc-2.34-210/lib/crt1.o] ==> obj [/nix/store/scd5n7xsn0hh0lvhhnycr9gx0h8xfzsl-glibc-2.34-210/lib/crt1.o]
    arg [/nix/store/scd5n7xsn0hh0lvhhnycr9gx0h8xfzsl-glibc-2.34-210/lib/crti.o] ==> obj [/nix/store/scd5n7xsn0hh0lvhhnycr9gx0h8xfzsl-glibc-2.34-210/lib/crti.o]
    arg [/nix/store/as1xzrm2921pnxx4jvxj39jn4v88wdy1-gcc-11.3.0/lib/gcc/x86_64-unknown-linux-gnu/11.3.0/crtbegin.o] ==> obj [/nix/store/as1xzrm2921pnxx4jvxj39jn4v88wdy1-gcc-11.3.0/lib/gcc/x86_64-unknown-linux-gnu/11.3.0/crtbegin.o]
    arg [-L/nix/store/scd5n7xsn0hh0lvhhnycr9gx0h8xfzsl-glibc-2.34-210/lib] ==> dir [/nix/store/scd5n7xsn0hh0lvhhnycr9gx0h8xfzsl-glibc-2.34-210/lib]
    arg [-L/nix/store/j132k1ncfn6gjfd2f5s1gz37170rch4h-gcc-11.3.0-lib/lib] ==> dir [/nix/store/j132k1ncfn6gjfd2f5s1gz37170rch4h-gcc-11.3.0-lib/lib]
    arg [-L/nix/store/scd5n7xsn0hh0lvhhnycr9gx0h8xfzsl-glibc-2.34-210/lib] ==> dir [/nix/store/scd5n7xsn0hh0lvhhnycr9gx0h8xfzsl-glibc-2.34-210/lib]
    arg [-L/nix/store/j132k1ncfn6gjfd2f5s1gz37170rch4h-gcc-11.3.0-lib/lib] ==> dir [/nix/store/j132k1ncfn6gjfd2f5s1gz37170rch4h-gcc-11.3.0-lib/lib]
    arg [-L/nix/store/ag2bpk0lzjvj409znklrz5krkpc5imzs-gcc-wrapper-11.3.0/bin] ==> dir [/nix/store/ag2bpk0lzjvj409znklrz5krkpc5imzs-gcc-wrapper-11.3.0/bin]
    arg [-L/nix/store/as1xzrm2921pnxx4jvxj39jn4v88wdy1-gcc-11.3.0/lib/gcc/x86_64-unknown-linux-gnu/11.3.0] ==> dir [/nix/store/as1xzrm2921pnxx4jvxj39jn4v88wdy1-gcc-11.3.0/lib/gcc/x86_64-unknown-linux-gnu/11.3.0]
    arg [-L/nix/store/as1xzrm2921pnxx4jvxj39jn4v88wdy1-gcc-11.3.0/lib/gcc/x86_64-unknown-linux-gnu/11.3.0/../../../../lib64] ==> dir [/nix/store/as1xzrm2921pnxx4jvxj39jn4v88wdy1-gcc-11.3.0/lib/gcc/x86_64-unknown-linux-gnu/11.3.0/../../../../lib64]
    arg [-L/nix/store/as1xzrm2921pnxx4jvxj39jn4v88wdy1-gcc-11.3.0/lib/gcc/x86_64-unknown-linux-gnu/11.3.0/../../..] ==> dir [/nix/store/as1xzrm2921pnxx4jvxj39jn4v88wdy1-gcc-11.3.0/lib/gcc/x86_64-unknown-linux-gnu/11.3.0/../../..]
    arg [-dynamic-linker=/nix/store/scd5n7xsn0hh0lvhhnycr9gx0h8xfzsl-glibc-2.34-210/lib/ld-linux-x86-64.so.2] ==> ignore
    arg [CMakeFiles/cmTC_a7bfa.dir/CMakeCXXCompilerABI.cpp.o] ==> ignore
    arg [-lgcc] ==> lib [gcc]
    arg [--push-state] ==> ignore
    arg [--as-needed] ==> ignore
    arg [-lgcc_s] ==> lib [gcc_s]
    arg [--pop-state] ==> ignore
    arg [-lc] ==> lib [c]
    arg [-lgcc] ==> lib [gcc]
    arg [--push-state] ==> ignore
    arg [--as-needed] ==> ignore
    arg [-lgcc_s] ==> lib [gcc_s]
    arg [--pop-state] ==> ignore
    arg [/nix/store/as1xzrm2921pnxx4jvxj39jn4v88wdy1-gcc-11.3.0/lib/gcc/x86_64-unknown-linux-gnu/11.3.0/crtend.o] ==> obj [/nix/store/as1xzrm2921pnxx4jvxj39jn4v88wdy1-gcc-11.3.0/lib/gcc/x86_64-unknown-linux-gnu/11.3.0/crtend.o]
    arg [/nix/store/scd5n7xsn0hh0lvhhnycr9gx0h8xfzsl-glibc-2.34-210/lib/crtn.o] ==> obj [/nix/store/scd5n7xsn0hh0lvhhnycr9gx0h8xfzsl-glibc-2.34-210/lib/crtn.o]
  collapse library dir [/nix/store/scd5n7xsn0hh0lvhhnycr9gx0h8xfzsl-glibc-2.34-210/lib] ==> [/nix/store/scd5n7xsn0hh0lvhhnycr9gx0h8xfzsl-glibc-2.34-210/lib]
  collapse library dir [/nix/store/j132k1ncfn6gjfd2f5s1gz37170rch4h-gcc-11.3.0-lib/lib] ==> [/nix/store/j132k1ncfn6gjfd2f5s1gz37170rch4h-gcc-11.3.0-lib/lib]
  collapse library dir [/nix/store/scd5n7xsn0hh0lvhhnycr9gx0h8xfzsl-glibc-2.34-210/lib] ==> [/nix/store/scd5n7xsn0hh0lvhhnycr9gx0h8xfzsl-glibc-2.34-210/lib]
  collapse library dir [/nix/store/j132k1ncfn6gjfd2f5s1gz37170rch4h-gcc-11.3.0-lib/lib] ==> [/nix/store/j132k1ncfn6gjfd2f5s1gz37170rch4h-gcc-11.3.0-lib/lib]
  collapse library dir [/nix/store/ag2bpk0lzjvj409znklrz5krkpc5imzs-gcc-wrapper-11.3.0/bin] ==> [/nix/store/ag2bpk0lzjvj409znklrz5krkpc5imzs-gcc-wrapper-11.3.0/bin]
  collapse library dir [/nix/store/as1xzrm2921pnxx4jvxj39jn4v88wdy1-gcc-11.3.0/lib/gcc/x86_64-unknown-linux-gnu/11.3.0] ==> [/nix/store/as1xzrm2921pnxx4jvxj39jn4v88wdy1-gcc-11.3.0/lib/gcc/x86_64-unknown-linux-gnu/11.3.0]
  collapse library dir [/nix/store/as1xzrm2921pnxx4jvxj39jn4v88wdy1-gcc-11.3.0/lib/gcc/x86_64-unknown-linux-gnu/11.3.0/../../../../lib64] ==> [/nix/store/as1xzrm2921pnxx4jvxj39jn4v88wdy1-gcc-11.3.0/lib64]
  collapse library dir [/nix/store/as1xzrm2921pnxx4jvxj39jn4v88wdy1-gcc-11.3.0/lib/gcc/x86_64-unknown-linux-gnu/11.3.0/../../..] ==> [/nix/store/as1xzrm2921pnxx4jvxj39jn4v88wdy1-gcc-11.3.0/lib]
  implicit libs: [gcc;gcc_s;c;gcc;gcc_s]
  implicit objs: [/nix/store/scd5n7xsn0hh0lvhhnycr9gx0h8xfzsl-glibc-2.34-210/lib/crt1.o;/nix/store/scd5n7xsn0hh0lvhhnycr9gx0h8xfzsl-glibc-2.34-210/lib/crti.o;/nix/store/as1xzrm2921pnxx4jvxj39jn4v88wdy1-gcc-11.3.0/lib/gcc/x86_64-unknown-linux-gnu/11.3.0/crtbegin.o;/nix/store/as1xzrm2921pnxx4jvxj39jn4v88wdy1-gcc-11.3.0/lib/gcc/x86_64-unknown-linux-gnu/11.3.0/crtend.o;/nix/store/scd5n7xsn0hh0lvhhnycr9gx0h8xfzsl-glibc-2.34-210/lib/crtn.o]
  implicit dirs: [/nix/store/scd5n7xsn0hh0lvhhnycr9gx0h8xfzsl-glibc-2.34-210/lib;/nix/store/j132k1ncfn6gjfd2f5s1gz37170rch4h-gcc-11.3.0-lib/lib;/nix/store/ag2bpk0lzjvj409znklrz5krkpc5imzs-gcc-wrapper-11.3.0/bin;/nix/store/as1xzrm2921pnxx4jvxj39jn4v88wdy1-gcc-11.3.0/lib/gcc/x86_64-unknown-linux-gnu/11.3.0;/nix/store/as1xzrm2921pnxx4jvxj39jn4v88wdy1-gcc-11.3.0/lib64;/nix/store/as1xzrm2921pnxx4jvxj39jn4v88wdy1-gcc-11.3.0/lib]
  implicit fwks: []


Determining if the include file pthread.h exists passed with the following output:
Change Dir: /home/tei/projects/imgtec/GLES_X11/CMakeFiles/CMakeTmp

Run Build Command(s):/run/current-system/sw/bin/make -f Makefile cmTC_d7634/fast && /run/current-system/sw/bin/make  -f CMakeFiles/cmTC_d7634.dir/build.make CMakeFiles/cmTC_d7634.dir/build
make[1]: Entering directory '/home/tei/projects/imgtec/GLES_X11/CMakeFiles/CMakeTmp'
Building C object CMakeFiles/cmTC_d7634.dir/CheckIncludeFile.c.o
/run/current-system/sw/bin/gcc    -o CMakeFiles/cmTC_d7634.dir/CheckIncludeFile.c.o -c /home/tei/projects/imgtec/GLES_X11/CMakeFiles/CMakeTmp/CheckIncludeFile.c
Linking C executable cmTC_d7634
/nix/store/asp609pmpi09vlzdszhliffr65qppmy6-cmake-3.22.3/bin/cmake -E cmake_link_script CMakeFiles/cmTC_d7634.dir/link.txt --verbose=1
/run/current-system/sw/bin/gcc CMakeFiles/cmTC_d7634.dir/CheckIncludeFile.c.o -o cmTC_d7634 
make[1]: Leaving directory '/home/tei/projects/imgtec/GLES_X11/CMakeFiles/CMakeTmp'



Performing C SOURCE FILE Test CMAKE_HAVE_LIBC_PTHREAD succeeded with the following output:
Change Dir: /home/tei/projects/imgtec/GLES_X11/CMakeFiles/CMakeTmp

Run Build Command(s):/run/current-system/sw/bin/make -f Makefile cmTC_463f4/fast && /run/current-system/sw/bin/make  -f CMakeFiles/cmTC_463f4.dir/build.make CMakeFiles/cmTC_463f4.dir/build
make[1]: Entering directory '/home/tei/projects/imgtec/GLES_X11/CMakeFiles/CMakeTmp'
Building C object CMakeFiles/cmTC_463f4.dir/src.c.o
/run/current-system/sw/bin/gcc -DCMAKE_HAVE_LIBC_PTHREAD   -o CMakeFiles/cmTC_463f4.dir/src.c.o -c /home/tei/projects/imgtec/GLES_X11/CMakeFiles/CMakeTmp/src.c
Linking C executable cmTC_463f4
/nix/store/asp609pmpi09vlzdszhliffr65qppmy6-cmake-3.22.3/bin/cmake -E cmake_link_script CMakeFiles/cmTC_463f4.dir/link.txt --verbose=1
/run/current-system/sw/bin/gcc CMakeFiles/cmTC_463f4.dir/src.c.o -o cmTC_463f4 
make[1]: Leaving directory '/home/tei/projects/imgtec/GLES_X11/CMakeFiles/CMakeTmp'


Source file was:
#include <pthread.h>

static void* test_func(void* data)
{
  return data;
}

int main(void)
{
  pthread_t thread;
  pthread_create(&thread, NULL, test_func, NULL);
  pthread_detach(thread);
  pthread_cancel(thread);
  pthread_join(thread, NULL);
  pthread_atfork(NULL, NULL, NULL);
  pthread_exit(NULL);

  return 0;
}

